[[1;34mINFO[m] Scanning for projects...
[[1;33mWARNING[m] 
[[1;33mWARNING[m] Some problems were encountered while building the effective model for org.example:Projet_BigData_Streaming:jar:1.0-SNAPSHOT
[[1;33mWARNING[m] 'build.plugins.plugin.version' for org.apache.maven.plugins:maven-compiler-plugin is missing. @ line 103, column 21
[[1;33mWARNING[m] 
[[1;33mWARNING[m] It is highly recommended to fix these problems because they threaten the stability of your build.
[[1;33mWARNING[m] 
[[1;33mWARNING[m] For this reason, future Maven versions might no longer support building such malformed projects.
[[1;33mWARNING[m] 
[[1;34mINFO[m] 
[[1;34mINFO[m] [1m----------------< [0;36morg.example:Projet_BigData_Streaming[0;1m >----------------[m
[[1;34mINFO[m] [1mBuilding Projet_BigData_Streaming 1.0-SNAPSHOT[m
[[1;34mINFO[m] [1m--------------------------------[ jar ]---------------------------------[m
Downloading from jvnet-nexus-snapshots: https://maven.java.net/content/repositories/snapshots/org/glassfish/javax.el/maven-metadata.xml
Downloading from java.net.Releases: https://maven.java.net/content/repositories/releases/org/glassfish/javax.el/maven-metadata.xml
[[1;33mWARNING[m] Could not transfer metadata org.glassfish:javax.el/maven-metadata.xml from/to java.net.Releases (https://maven.java.net/content/repositories/releases): Transfer failed for https://maven.java.net/content/repositories/releases/org/glassfish/javax.el/maven-metadata.xml
[[1;33mWARNING[m] Could not transfer metadata org.glassfish:javax.el/maven-metadata.xml from/to jvnet-nexus-snapshots (https://maven.java.net/content/repositories/snapshots): Transfer failed for https://maven.java.net/content/repositories/snapshots/org/glassfish/javax.el/maven-metadata.xml
[[1;34mINFO[m] 
[[1;34mINFO[m] [1m--- [0;32mmaven-dependency-plugin:2.8:tree[m [1m(default-cli)[m @ [36mProjet_BigData_Streaming[0;1m ---[m
[[1;34mINFO[m] org.example:Projet_BigData_Streaming:jar:1.0-SNAPSHOT
[[1;34mINFO[m] +- org.apache.spark:spark-core_2.12:jar:3.5.0:compile
[[1;34mINFO[m] |  +- org.apache.avro:avro:jar:1.11.2:compile
[[1;34mINFO[m] |  |  +- com.fasterxml.jackson.core:jackson-core:jar:2.14.2:compile
[[1;34mINFO[m] |  |  +- (com.fasterxml.jackson.core:jackson-databind:jar:2.14.2:compile - omitted for conflict with 2.15.2)
[[1;34mINFO[m] |  |  +- (org.apache.commons:commons-compress:jar:1.22:compile - omitted for conflict with 1.23.0)
[[1;34mINFO[m] |  |  \- (org.slf4j:slf4j-api:jar:1.7.36:compile - omitted for conflict with 2.0.7)
[[1;34mINFO[m] |  +- org.apache.avro:avro-mapred:jar:1.11.2:compile
[[1;34mINFO[m] |  |  +- org.apache.avro:avro-ipc:jar:1.11.2:compile
[[1;34mINFO[m] |  |  |  +- (org.apache.avro:avro:jar:1.11.2:compile - omitted for duplicate)
[[1;34mINFO[m] |  |  |  +- (com.fasterxml.jackson.core:jackson-core:jar:2.14.2:compile - omitted for duplicate)
[[1;34mINFO[m] |  |  |  +- (com.fasterxml.jackson.core:jackson-databind:jar:2.14.2:compile - omitted for duplicate)
[[1;34mINFO[m] |  |  |  +- (org.xerial.snappy:snappy-java:jar:1.1.10.1:compile - omitted for conflict with 1.1.8.2)
[[1;34mINFO[m] |  |  |  +- org.tukaani:xz:jar:1.9:compile
[[1;34mINFO[m] |  |  |  \- (org.slf4j:slf4j-api:jar:1.7.36:compile - omitted for duplicate)
[[1;34mINFO[m] |  |  +- (com.fasterxml.jackson.core:jackson-core:jar:2.14.2:compile - omitted for duplicate)
[[1;34mINFO[m] |  |  \- (org.slf4j:slf4j-api:jar:1.7.36:compile - omitted for duplicate)
[[1;34mINFO[m] |  +- com.twitter:chill_2.12:jar:0.10.0:compile
[[1;34mINFO[m] |  |  +- (org.scala-lang:scala-library:jar:2.12.14:compile - omitted for conflict with 2.12.18)
[[1;34mINFO[m] |  |  +- (com.twitter:chill-java:jar:0.10.0:compile - omitted for duplicate)
[[1;34mINFO[m] |  |  \- com.esotericsoftware:kryo-shaded:jar:4.0.2:compile
[[1;34mINFO[m] |  |     +- com.esotericsoftware:minlog:jar:1.3.0:compile
[[1;34mINFO[m] |  |     \- org.objenesis:objenesis:jar:2.5.1:compile
[[1;34mINFO[m] |  +- com.twitter:chill-java:jar:0.10.0:compile
[[1;34mINFO[m] |  |  \- (com.esotericsoftware:kryo-shaded:jar:4.0.2:compile - omitted for duplicate)
[[1;34mINFO[m] |  +- org.apache.xbean:xbean-asm9-shaded:jar:4.23:compile
[[1;34mINFO[m] |  +- org.apache.hadoop:hadoop-client-api:jar:3.3.4:compile
[[1;34mINFO[m] |  |  \- (org.xerial.snappy:snappy-java:jar:1.1.8.2:compile - omitted for conflict with 1.1.10.3)
[[1;34mINFO[m] |  +- org.apache.hadoop:hadoop-client-runtime:jar:3.3.4:compile
[[1;34mINFO[m] |  |  +- (org.apache.hadoop:hadoop-client-api:jar:3.3.4:runtime - omitted for duplicate)
[[1;34mINFO[m] |  |  +- (org.xerial.snappy:snappy-java:jar:1.1.8.2:runtime - omitted for duplicate)
[[1;34mINFO[m] |  |  +- (org.slf4j:slf4j-api:jar:1.7.36:runtime - omitted for duplicate)
[[1;34mINFO[m] |  |  +- (commons-logging:commons-logging:jar:1.1.3:compile - scope updated from runtime; omitted for duplicate)
[[1;34mINFO[m] |  |  \- (com.google.code.findbugs:jsr305:jar:3.0.2:compile - scope updated from runtime; omitted for duplicate)
[[1;34mINFO[m] |  +- org.apache.spark:spark-launcher_2.12:jar:3.5.0:compile
[[1;34mINFO[m] |  |  \- (org.apache.spark:spark-tags_2.12:jar:3.5.0:compile - omitted for duplicate)
[[1;34mINFO[m] |  +- org.apache.spark:spark-kvstore_2.12:jar:3.5.0:compile
[[1;34mINFO[m] |  |  +- (org.apache.spark:spark-tags_2.12:jar:3.5.0:compile - omitted for duplicate)
[[1;34mINFO[m] |  |  +- org.fusesource.leveldbjni:leveldbjni-all:jar:1.8:compile
[[1;34mINFO[m] |  |  +- (com.fasterxml.jackson.core:jackson-core:jar:2.15.2:compile - omitted for conflict with 2.14.2)
[[1;34mINFO[m] |  |  +- (com.fasterxml.jackson.core:jackson-databind:jar:2.15.2:compile - omitted for conflict with 2.14.2)
[[1;34mINFO[m] |  |  +- com.fasterxml.jackson.core:jackson-annotations:jar:2.15.2:compile
[[1;34mINFO[m] |  |  \- org.rocksdb:rocksdbjni:jar:8.3.2:compile
[[1;34mINFO[m] |  +- org.apache.spark:spark-network-common_2.12:jar:3.5.0:compile
[[1;34mINFO[m] |  |  +- (org.scala-lang:scala-library:jar:2.12.18:compile - omitted for conflict with 2.12.14)
[[1;34mINFO[m] |  |  +- (io.netty:netty-all:jar:4.1.96.Final:compile - omitted for duplicate)
[[1;34mINFO[m] |  |  +- (io.netty:netty-transport-native-epoll:jar:linux-x86_64:4.1.96.Final:compile - omitted for duplicate)
[[1;34mINFO[m] |  |  +- (io.netty:netty-transport-native-epoll:jar:linux-aarch_64:4.1.96.Final:compile - omitted for duplicate)
[[1;34mINFO[m] |  |  +- (io.netty:netty-transport-native-kqueue:jar:osx-aarch_64:4.1.96.Final:compile - omitted for duplicate)
[[1;34mINFO[m] |  |  +- (io.netty:netty-transport-native-kqueue:jar:osx-x86_64:4.1.96.Final:compile - omitted for duplicate)
[[1;34mINFO[m] |  |  +- (org.apache.commons:commons-lang3:jar:3.12.0:compile - omitted for duplicate)
[[1;34mINFO[m] |  |  +- (org.fusesource.leveldbjni:leveldbjni-all:jar:1.8:compile - omitted for duplicate)
[[1;34mINFO[m] |  |  +- (org.rocksdb:rocksdbjni:jar:8.3.2:compile - omitted for duplicate)
[[1;34mINFO[m] |  |  +- (com.fasterxml.jackson.core:jackson-databind:jar:2.15.2:compile - omitted for conflict with 2.14.2)
[[1;34mINFO[m] |  |  +- (com.fasterxml.jackson.core:jackson-annotations:jar:2.15.2:compile - omitted for duplicate)
[[1;34mINFO[m] |  |  +- (io.dropwizard.metrics:metrics-core:jar:4.2.19:compile - omitted for duplicate)
[[1;34mINFO[m] |  |  +- (com.google.code.findbugs:jsr305:jar:3.0.2:compile - omitted for conflict with 3.0.0)
[[1;34mINFO[m] |  |  +- (org.apache.commons:commons-crypto:jar:1.1.0:compile - omitted for duplicate)
[[1;34mINFO[m] |  |  +- com.google.crypto.tink:tink:jar:1.9.0:compile
[[1;34mINFO[m] |  |  |  +- (com.google.code.findbugs:jsr305:jar:3.0.2:compile - omitted for duplicate)
[[1;34mINFO[m] |  |  |  +- (com.google.code.gson:gson:jar:2.10.1:compile - omitted for conflict with 2.2.4)
[[1;34mINFO[m] |  |  |  +- (com.google.protobuf:protobuf-java:jar:3.19.6:compile - omitted for conflict with 2.5.0)
[[1;34mINFO[m] |  |  |  \- joda-time:joda-time:jar:2.12.5:compile
[[1;34mINFO[m] |  |  +- (org.roaringbitmap:RoaringBitmap:jar:0.9.45:compile - omitted for duplicate)
[[1;34mINFO[m] |  |  \- (org.apache.spark:spark-common-utils_2.12:jar:3.5.0:compile - omitted for duplicate)
[[1;34mINFO[m] |  +- org.apache.spark:spark-network-shuffle_2.12:jar:3.5.0:compile
[[1;34mINFO[m] |  |  +- (org.apache.spark:spark-network-common_2.12:jar:3.5.0:compile - omitted for duplicate)
[[1;34mINFO[m] |  |  +- (io.dropwizard.metrics:metrics-core:jar:4.2.19:compile - omitted for duplicate)
[[1;34mINFO[m] |  |  +- (org.apache.spark:spark-tags_2.12:jar:3.5.0:compile - omitted for duplicate)
[[1;34mINFO[m] |  |  \- (org.roaringbitmap:RoaringBitmap:jar:0.9.45:compile - omitted for duplicate)
[[1;34mINFO[m] |  +- org.apache.spark:spark-unsafe_2.12:jar:3.5.0:compile
[[1;34mINFO[m] |  |  +- (org.apache.spark:spark-tags_2.12:jar:3.5.0:compile - omitted for duplicate)
[[1;34mINFO[m] |  |  +- (org.apache.spark:spark-common-utils_2.12:jar:3.5.0:compile - omitted for duplicate)
[[1;34mINFO[m] |  |  +- (com.twitter:chill_2.12:jar:0.10.0:compile - omitted for duplicate)
[[1;34mINFO[m] |  |  \- (com.google.code.findbugs:jsr305:jar:3.0.0:compile - omitted for conflict with 3.0.2)
[[1;34mINFO[m] |  +- (org.apache.spark:spark-common-utils_2.12:jar:3.5.0:compile - omitted for duplicate)
[[1;34mINFO[m] |  +- javax.activation:activation:jar:1.1.1:compile
[[1;34mINFO[m] |  +- org.apache.curator:curator-recipes:jar:2.13.0:compile
[[1;34mINFO[m] |  |  \- org.apache.curator:curator-framework:jar:2.13.0:compile
[[1;34mINFO[m] |  |     \- (org.apache.curator:curator-client:jar:2.13.0:compile - omitted for conflict with 2.7.1)
[[1;34mINFO[m] |  +- org.apache.zookeeper:zookeeper:jar:3.6.3:compile
[[1;34mINFO[m] |  |  +- org.apache.zookeeper:zookeeper-jute:jar:3.6.3:compile
[[1;34mINFO[m] |  |  |  \- (org.apache.yetus:audience-annotations:jar:0.5.0:compile - omitted for duplicate)
[[1;34mINFO[m] |  |  \- (org.apache.yetus:audience-annotations:jar:0.5.0:compile - omitted for conflict with 0.13.0)
[[1;34mINFO[m] |  +- jakarta.servlet:jakarta.servlet-api:jar:4.0.3:compile
[[1;34mINFO[m] |  +- commons-codec:commons-codec:jar:1.16.0:compile
[[1;34mINFO[m] |  +- org.apache.commons:commons-compress:jar:1.23.0:compile
[[1;34mINFO[m] |  +- org.apache.commons:commons-lang3:jar:3.12.0:compile
[[1;34mINFO[m] |  +- org.apache.commons:commons-math3:jar:3.6.1:compile
[[1;34mINFO[m] |  +- org.apache.commons:commons-text:jar:1.10.0:compile
[[1;34mINFO[m] |  |  \- (org.apache.commons:commons-lang3:jar:3.12.0:compile - omitted for duplicate)
[[1;34mINFO[m] |  +- commons-io:commons-io:jar:2.13.0:compile
[[1;34mINFO[m] |  +- commons-collections:commons-collections:jar:3.2.2:compile
[[1;34mINFO[m] |  +- org.apache.commons:commons-collections4:jar:4.4:compile
[[1;34mINFO[m] |  +- com.google.code.findbugs:jsr305:jar:3.0.0:compile
[[1;34mINFO[m] |  +- com.ning:compress-lzf:jar:1.1.2:compile
[[1;34mINFO[m] |  +- org.xerial.snappy:snappy-java:jar:1.1.10.3:compile
[[1;34mINFO[m] |  +- org.lz4:lz4-java:jar:1.8.0:compile
[[1;34mINFO[m] |  +- com.github.luben:zstd-jni:jar:1.5.5-4:compile
[[1;34mINFO[m] |  +- org.roaringbitmap:RoaringBitmap:jar:0.9.45:compile
[[1;34mINFO[m] |  |  \- org.roaringbitmap:shims:jar:0.9.45:runtime
[[1;34mINFO[m] |  +- org.scala-lang.modules:scala-xml_2.12:jar:2.1.0:compile
[[1;34mINFO[m] |  |  \- (org.scala-lang:scala-library:jar:2.12.15:compile - omitted for conflict with 2.12.14)
[[1;34mINFO[m] |  +- org.scala-lang:scala-library:jar:2.12.18:compile
[[1;34mINFO[m] |  +- org.scala-lang:scala-reflect:jar:2.12.18:compile
[[1;34mINFO[m] |  |  \- (org.scala-lang:scala-library:jar:2.12.18:compile - omitted for duplicate)
[[1;34mINFO[m] |  +- org.json4s:json4s-jackson_2.12:jar:3.7.0-M11:compile
[[1;34mINFO[m] |  |  +- (org.scala-lang:scala-library:jar:2.12.13:compile - omitted for conflict with 2.12.18)
[[1;34mINFO[m] |  |  \- org.json4s:json4s-core_2.12:jar:3.7.0-M11:compile
[[1;34mINFO[m] |  |     +- (org.scala-lang:scala-library:jar:2.12.13:compile - omitted for conflict with 2.12.18)
[[1;34mINFO[m] |  |     +- org.json4s:json4s-ast_2.12:jar:3.7.0-M11:compile
[[1;34mINFO[m] |  |     |  \- (org.scala-lang:scala-library:jar:2.12.13:compile - omitted for conflict with 2.12.18)
[[1;34mINFO[m] |  |     +- org.json4s:json4s-scalap_2.12:jar:3.7.0-M11:compile
[[1;34mINFO[m] |  |     |  \- (org.scala-lang:scala-library:jar:2.12.13:compile - omitted for conflict with 2.12.18)
[[1;34mINFO[m] |  |     \- (com.thoughtworks.paranamer:paranamer:jar:2.8:compile - omitted for duplicate)
[[1;34mINFO[m] |  +- org.glassfish.jersey.core:jersey-client:jar:2.40:compile
[[1;34mINFO[m] |  |  +- jakarta.ws.rs:jakarta.ws.rs-api:jar:2.1.6:compile
[[1;34mINFO[m] |  |  +- (org.glassfish.jersey.core:jersey-common:jar:2.40:compile - omitted for duplicate)
[[1;34mINFO[m] |  |  \- org.glassfish.hk2.external:jakarta.inject:jar:2.6.1:compile
[[1;34mINFO[m] |  +- org.glassfish.jersey.core:jersey-common:jar:2.40:compile
[[1;34mINFO[m] |  |  +- (jakarta.ws.rs:jakarta.ws.rs-api:jar:2.1.6:compile - omitted for duplicate)
[[1;34mINFO[m] |  |  +- jakarta.annotation:jakarta.annotation-api:jar:1.3.5:compile
[[1;34mINFO[m] |  |  +- (org.glassfish.hk2.external:jakarta.inject:jar:2.6.1:compile - omitted for duplicate)
[[1;34mINFO[m] |  |  \- org.glassfish.hk2:osgi-resource-locator:jar:1.0.3:compile
[[1;34mINFO[m] |  +- org.glassfish.jersey.core:jersey-server:jar:2.40:compile
[[1;34mINFO[m] |  |  +- (org.glassfish.jersey.core:jersey-common:jar:2.40:compile - omitted for duplicate)
[[1;34mINFO[m] |  |  +- (org.glassfish.jersey.core:jersey-client:jar:2.40:compile - omitted for duplicate)
[[1;34mINFO[m] |  |  +- (jakarta.ws.rs:jakarta.ws.rs-api:jar:2.1.6:compile - omitted for duplicate)
[[1;34mINFO[m] |  |  +- (jakarta.annotation:jakarta.annotation-api:jar:1.3.5:compile - omitted for duplicate)
[[1;34mINFO[m] |  |  +- (org.glassfish.hk2.external:jakarta.inject:jar:2.6.1:compile - omitted for duplicate)
[[1;34mINFO[m] |  |  \- jakarta.validation:jakarta.validation-api:jar:2.0.2:compile
[[1;34mINFO[m] |  +- org.glassfish.jersey.containers:jersey-container-servlet:jar:2.40:compile
[[1;34mINFO[m] |  |  +- (org.glassfish.jersey.containers:jersey-container-servlet-core:jar:2.40:compile - omitted for duplicate)
[[1;34mINFO[m] |  |  +- (org.glassfish.jersey.core:jersey-common:jar:2.40:compile - omitted for duplicate)
[[1;34mINFO[m] |  |  +- (org.glassfish.jersey.core:jersey-server:jar:2.40:compile - omitted for duplicate)
[[1;34mINFO[m] |  |  \- (jakarta.ws.rs:jakarta.ws.rs-api:jar:2.1.6:compile - omitted for duplicate)
[[1;34mINFO[m] |  +- org.glassfish.jersey.containers:jersey-container-servlet-core:jar:2.40:compile
[[1;34mINFO[m] |  |  +- (org.glassfish.hk2.external:jakarta.inject:jar:2.6.1:compile - omitted for duplicate)
[[1;34mINFO[m] |  |  +- (org.glassfish.jersey.core:jersey-common:jar:2.40:compile - omitted for duplicate)
[[1;34mINFO[m] |  |  +- (org.glassfish.jersey.core:jersey-server:jar:2.40:compile - omitted for duplicate)
[[1;34mINFO[m] |  |  \- (jakarta.ws.rs:jakarta.ws.rs-api:jar:2.1.6:compile - omitted for duplicate)
[[1;34mINFO[m] |  +- org.glassfish.jersey.inject:jersey-hk2:jar:2.40:compile
[[1;34mINFO[m] |  |  +- (org.glassfish.jersey.core:jersey-common:jar:2.40:compile - omitted for duplicate)
[[1;34mINFO[m] |  |  +- org.glassfish.hk2:hk2-locator:jar:2.6.1:compile
[[1;34mINFO[m] |  |  |  +- (org.glassfish.hk2.external:jakarta.inject:jar:2.6.1:compile - omitted for duplicate)
[[1;34mINFO[m] |  |  |  +- org.glassfish.hk2.external:aopalliance-repackaged:jar:2.6.1:compile
[[1;34mINFO[m] |  |  |  +- org.glassfish.hk2:hk2-api:jar:2.6.1:compile
[[1;34mINFO[m] |  |  |  |  +- (org.glassfish.hk2.external:jakarta.inject:jar:2.6.1:compile - omitted for duplicate)
[[1;34mINFO[m] |  |  |  |  +- (org.glassfish.hk2:hk2-utils:jar:2.6.1:compile - omitted for duplicate)
[[1;34mINFO[m] |  |  |  |  \- (org.glassfish.hk2.external:aopalliance-repackaged:jar:2.6.1:compile - omitted for duplicate)
[[1;34mINFO[m] |  |  |  \- org.glassfish.hk2:hk2-utils:jar:2.6.1:compile
[[1;34mINFO[m] |  |  |     \- (org.glassfish.hk2.external:jakarta.inject:jar:2.6.1:compile - omitted for duplicate)
[[1;34mINFO[m] |  |  \- org.javassist:javassist:jar:3.29.2-GA:compile
[[1;34mINFO[m] |  +- io.netty:netty-all:jar:4.1.96.Final:compile
[[1;34mINFO[m] |  |  +- io.netty:netty-buffer:jar:4.1.96.Final:compile
[[1;34mINFO[m] |  |  +- io.netty:netty-codec:jar:4.1.96.Final:compile
[[1;34mINFO[m] |  |  +- io.netty:netty-codec-http:jar:4.1.96.Final:compile
[[1;34mINFO[m] |  |  +- io.netty:netty-codec-http2:jar:4.1.96.Final:compile
[[1;34mINFO[m] |  |  +- io.netty:netty-codec-socks:jar:4.1.96.Final:compile
[[1;34mINFO[m] |  |  +- io.netty:netty-common:jar:4.1.96.Final:compile
[[1;34mINFO[m] |  |  +- io.netty:netty-handler:jar:4.1.96.Final:compile
[[1;34mINFO[m] |  |  +- io.netty:netty-transport-native-unix-common:jar:4.1.96.Final:compile
[[1;34mINFO[m] |  |  +- io.netty:netty-handler-proxy:jar:4.1.96.Final:compile
[[1;34mINFO[m] |  |  +- io.netty:netty-resolver:jar:4.1.96.Final:compile
[[1;34mINFO[m] |  |  +- io.netty:netty-transport:jar:4.1.96.Final:compile
[[1;34mINFO[m] |  |  +- io.netty:netty-transport-classes-epoll:jar:4.1.96.Final:compile
[[1;34mINFO[m] |  |  +- io.netty:netty-transport-classes-kqueue:jar:4.1.96.Final:compile
[[1;34mINFO[m] |  |  +- (io.netty:netty-transport-native-epoll:jar:linux-x86_64:4.1.96.Final:runtime - omitted for duplicate)
[[1;34mINFO[m] |  |  +- (io.netty:netty-transport-native-epoll:jar:linux-aarch_64:4.1.96.Final:runtime - omitted for duplicate)
[[1;34mINFO[m] |  |  +- (io.netty:netty-transport-native-kqueue:jar:osx-x86_64:4.1.96.Final:runtime - omitted for duplicate)
[[1;34mINFO[m] |  |  \- (io.netty:netty-transport-native-kqueue:jar:osx-aarch_64:4.1.96.Final:runtime - omitted for duplicate)
[[1;34mINFO[m] |  +- io.netty:netty-transport-native-epoll:jar:linux-x86_64:4.1.96.Final:compile
[[1;34mINFO[m] |  |  +- (io.netty:netty-common:jar:4.1.96.Final:compile - omitted for duplicate)
[[1;34mINFO[m] |  |  +- (io.netty:netty-buffer:jar:4.1.96.Final:compile - omitted for duplicate)
[[1;34mINFO[m] |  |  +- (io.netty:netty-transport:jar:4.1.96.Final:compile - omitted for duplicate)
[[1;34mINFO[m] |  |  +- (io.netty:netty-transport-native-unix-common:jar:4.1.96.Final:compile - omitted for duplicate)
[[1;34mINFO[m] |  |  \- (io.netty:netty-transport-classes-epoll:jar:4.1.96.Final:compile - omitted for duplicate)
[[1;34mINFO[m] |  +- io.netty:netty-transport-native-epoll:jar:linux-aarch_64:4.1.96.Final:compile
[[1;34mINFO[m] |  |  +- (io.netty:netty-common:jar:4.1.96.Final:compile - omitted for duplicate)
[[1;34mINFO[m] |  |  +- (io.netty:netty-buffer:jar:4.1.96.Final:compile - omitted for duplicate)
[[1;34mINFO[m] |  |  +- (io.netty:netty-transport:jar:4.1.96.Final:compile - omitted for duplicate)
[[1;34mINFO[m] |  |  +- (io.netty:netty-transport-native-unix-common:jar:4.1.96.Final:compile - omitted for duplicate)
[[1;34mINFO[m] |  |  \- (io.netty:netty-transport-classes-epoll:jar:4.1.96.Final:compile - omitted for duplicate)
[[1;34mINFO[m] |  +- io.netty:netty-transport-native-kqueue:jar:osx-aarch_64:4.1.96.Final:compile
[[1;34mINFO[m] |  |  +- (io.netty:netty-common:jar:4.1.96.Final:compile - omitted for duplicate)
[[1;34mINFO[m] |  |  +- (io.netty:netty-buffer:jar:4.1.96.Final:compile - omitted for duplicate)
[[1;34mINFO[m] |  |  +- (io.netty:netty-transport:jar:4.1.96.Final:compile - omitted for duplicate)
[[1;34mINFO[m] |  |  +- (io.netty:netty-transport-native-unix-common:jar:4.1.96.Final:compile - omitted for duplicate)
[[1;34mINFO[m] |  |  \- (io.netty:netty-transport-classes-kqueue:jar:4.1.96.Final:compile - omitted for duplicate)
[[1;34mINFO[m] |  +- io.netty:netty-transport-native-kqueue:jar:osx-x86_64:4.1.96.Final:compile
[[1;34mINFO[m] |  |  +- (io.netty:netty-common:jar:4.1.96.Final:compile - omitted for duplicate)
[[1;34mINFO[m] |  |  +- (io.netty:netty-buffer:jar:4.1.96.Final:compile - omitted for duplicate)
[[1;34mINFO[m] |  |  +- (io.netty:netty-transport:jar:4.1.96.Final:compile - omitted for duplicate)
[[1;34mINFO[m] |  |  +- (io.netty:netty-transport-native-unix-common:jar:4.1.96.Final:compile - omitted for duplicate)
[[1;34mINFO[m] |  |  \- (io.netty:netty-transport-classes-kqueue:jar:4.1.96.Final:compile - omitted for duplicate)
[[1;34mINFO[m] |  +- com.clearspring.analytics:stream:jar:2.9.6:compile
[[1;34mINFO[m] |  |  \- (org.slf4j:slf4j-api:jar:1.7.10:compile - omitted for conflict with 1.7.36)
[[1;34mINFO[m] |  +- io.dropwizard.metrics:metrics-core:jar:4.2.19:compile
[[1;34mINFO[m] |  |  \- (org.slf4j:slf4j-api:jar:1.7.36:compile - omitted for duplicate)
[[1;34mINFO[m] |  +- io.dropwizard.metrics:metrics-jvm:jar:4.2.19:compile
[[1;34mINFO[m] |  |  +- (io.dropwizard.metrics:metrics-core:jar:4.2.19:compile - omitted for duplicate)
[[1;34mINFO[m] |  |  \- (org.slf4j:slf4j-api:jar:1.7.36:compile - omitted for duplicate)
[[1;34mINFO[m] |  +- io.dropwizard.metrics:metrics-json:jar:4.2.19:compile
[[1;34mINFO[m] |  |  +- (io.dropwizard.metrics:metrics-core:jar:4.2.19:compile - omitted for duplicate)
[[1;34mINFO[m] |  |  +- (com.fasterxml.jackson.core:jackson-core:jar:2.12.7:compile - omitted for conflict with 2.14.2)
[[1;34mINFO[m] |  |  \- (com.fasterxml.jackson.core:jackson-databind:jar:2.12.7.1:compile - omitted for conflict with 2.14.2)
[[1;34mINFO[m] |  +- io.dropwizard.metrics:metrics-graphite:jar:4.2.19:compile
[[1;34mINFO[m] |  |  +- (io.dropwizard.metrics:metrics-core:jar:4.2.19:compile - omitted for duplicate)
[[1;34mINFO[m] |  |  \- (org.slf4j:slf4j-api:jar:1.7.36:compile - omitted for duplicate)
[[1;34mINFO[m] |  +- io.dropwizard.metrics:metrics-jmx:jar:4.2.19:compile
[[1;34mINFO[m] |  |  +- (io.dropwizard.metrics:metrics-core:jar:4.2.19:compile - omitted for duplicate)
[[1;34mINFO[m] |  |  \- (org.slf4j:slf4j-api:jar:1.7.36:compile - omitted for duplicate)
[[1;34mINFO[m] |  +- com.fasterxml.jackson.core:jackson-databind:jar:2.15.2:compile
[[1;34mINFO[m] |  |  +- (com.fasterxml.jackson.core:jackson-annotations:jar:2.15.2:compile - omitted for duplicate)
[[1;34mINFO[m] |  |  \- (com.fasterxml.jackson.core:jackson-core:jar:2.15.2:compile - omitted for conflict with 2.14.2)
[[1;34mINFO[m] |  +- com.fasterxml.jackson.module:jackson-module-scala_2.12:jar:2.15.2:compile
[[1;34mINFO[m] |  |  +- (org.scala-lang:scala-library:jar:2.12.17:compile - omitted for conflict with 2.12.18)
[[1;34mINFO[m] |  |  +- (com.fasterxml.jackson.core:jackson-core:jar:2.15.2:compile - omitted for conflict with 2.14.2)
[[1;34mINFO[m] |  |  +- (com.fasterxml.jackson.core:jackson-annotations:jar:2.15.2:compile - omitted for duplicate)
[[1;34mINFO[m] |  |  +- (com.fasterxml.jackson.core:jackson-databind:jar:2.15.2:compile - omitted for duplicate)
[[1;34mINFO[m] |  |  \- com.thoughtworks.paranamer:paranamer:jar:2.8:compile
[[1;34mINFO[m] |  +- org.apache.ivy:ivy:jar:2.5.1:compile
[[1;34mINFO[m] |  +- oro:oro:jar:2.0.8:compile
[[1;34mINFO[m] |  +- net.razorvine:pickle:jar:1.3:compile
[[1;34mINFO[m] |  +- net.sf.py4j:py4j:jar:0.10.9.7:compile
[[1;34mINFO[m] |  +- org.apache.spark:spark-tags_2.12:jar:3.5.0:compile
[[1;34mINFO[m] |  |  \- (org.scala-lang:scala-library:jar:2.12.18:compile - omitted for duplicate)
[[1;34mINFO[m] |  \- org.apache.commons:commons-crypto:jar:1.1.0:compile
[[1;34mINFO[m] +- org.apache.spark:spark-streaming_2.12:jar:3.5.0:provided
[[1;34mINFO[m] |  +- (org.apache.spark:spark-core_2.12:jar:3.5.0:provided - omitted for duplicate)
[[1;34mINFO[m] |  +- (org.apache.spark:spark-tags_2.12:jar:3.5.0:provided - omitted for duplicate)
[[1;34mINFO[m] |  \- (org.scala-lang:scala-library:jar:2.12.18:provided - omitted for duplicate)
[[1;34mINFO[m] +- org.apache.spark:spark-sql-kafka-0-10_2.12:jar:3.5.0:compile
[[1;34mINFO[m] |  +- org.apache.spark:spark-token-provider-kafka-0-10_2.12:jar:3.5.0:compile
[[1;34mINFO[m] |  |  +- (org.apache.kafka:kafka-clients:jar:3.4.1:compile - omitted for duplicate)
[[1;34mINFO[m] |  |  +- (org.apache.hadoop:hadoop-client-runtime:jar:3.3.4:compile - omitted for duplicate)
[[1;34mINFO[m] |  |  \- (org.apache.spark:spark-tags_2.12:jar:3.5.0:compile - omitted for duplicate)
[[1;34mINFO[m] |  +- (org.apache.kafka:kafka-clients:jar:3.4.1:compile - omitted for conflict with 3.6.1)
[[1;34mINFO[m] |  +- (com.google.code.findbugs:jsr305:jar:3.0.0:compile - omitted for duplicate)
[[1;34mINFO[m] |  +- org.apache.commons:commons-pool2:jar:2.11.1:compile
[[1;34mINFO[m] |  \- (org.apache.spark:spark-tags_2.12:jar:3.5.0:compile - omitted for duplicate)
[[1;34mINFO[m] +- org.apache.spark:spark-sql_2.12:jar:3.5.0:provided
[[1;34mINFO[m] |  +- (org.rocksdb:rocksdbjni:jar:8.3.2:compile - scope updated from provided; omitted for duplicate)
[[1;34mINFO[m] |  +- com.univocity:univocity-parsers:jar:2.9.1:provided
[[1;34mINFO[m] |  +- org.apache.spark:spark-sketch_2.12:jar:3.5.0:provided
[[1;34mINFO[m] |  |  \- (org.apache.spark:spark-tags_2.12:jar:3.5.0:provided - omitted for duplicate)
[[1;34mINFO[m] |  +- (org.apache.spark:spark-core_2.12:jar:3.5.0:provided - omitted for duplicate)
[[1;34mINFO[m] |  +- org.apache.spark:spark-catalyst_2.12:jar:3.5.0:provided
[[1;34mINFO[m] |  |  +- (org.apache.spark:spark-core_2.12:jar:3.5.0:provided - omitted for duplicate)
[[1;34mINFO[m] |  |  +- org.apache.spark:spark-sql-api_2.12:jar:3.5.0:provided
[[1;34mINFO[m] |  |  |  +- (org.scala-lang:scala-reflect:jar:2.12.18:provided - omitted for duplicate)
[[1;34mINFO[m] |  |  |  +- org.scala-lang.modules:scala-parser-combinators_2.12:jar:2.3.0:provided
[[1;34mINFO[m] |  |  |  |  \- (org.scala-lang:scala-library:jar:2.12.17:provided - omitted for conflict with 2.12.18)
[[1;34mINFO[m] |  |  |  +- (org.apache.spark:spark-common-utils_2.12:jar:3.5.0:provided - omitted for duplicate)
[[1;34mINFO[m] |  |  |  +- (org.apache.spark:spark-unsafe_2.12:jar:3.5.0:provided - omitted for duplicate)
[[1;34mINFO[m] |  |  |  +- (org.json4s:json4s-jackson_2.12:jar:3.7.0-M11:provided - omitted for duplicate)
[[1;34mINFO[m] |  |  |  +- org.antlr:antlr4-runtime:jar:4.9.3:provided
[[1;34mINFO[m] |  |  |  +- org.apache.arrow:arrow-vector:jar:12.0.1:provided
[[1;34mINFO[m] |  |  |  |  +- org.apache.arrow:arrow-format:jar:12.0.1:provided
[[1;34mINFO[m] |  |  |  |  |  \- (com.google.flatbuffers:flatbuffers-java:jar:1.12.0:provided - omitted for duplicate)
[[1;34mINFO[m] |  |  |  |  +- org.apache.arrow:arrow-memory-core:jar:12.0.1:provided
[[1;34mINFO[m] |  |  |  |  |  +- (com.google.code.findbugs:jsr305:jar:3.0.2:provided - omitted for conflict with 3.0.0)
[[1;34mINFO[m] |  |  |  |  |  \- (org.slf4j:slf4j-api:jar:1.7.25:provided - omitted for conflict with 1.7.36)
[[1;34mINFO[m] |  |  |  |  +- (com.fasterxml.jackson.core:jackson-databind:jar:2.15.1:provided - omitted for conflict with 2.15.2)
[[1;34mINFO[m] |  |  |  |  +- com.fasterxml.jackson.datatype:jackson-datatype-jsr310:jar:2.15.1:provided
[[1;34mINFO[m] |  |  |  |  |  \- (com.fasterxml.jackson.core:jackson-databind:jar:2.15.1:provided - omitted for conflict with 2.15.2)
[[1;34mINFO[m] |  |  |  |  +- (commons-codec:commons-codec:jar:1.15:provided - omitted for conflict with 1.16.0)
[[1;34mINFO[m] |  |  |  |  +- com.google.flatbuffers:flatbuffers-java:jar:1.12.0:provided
[[1;34mINFO[m] |  |  |  |  \- (org.slf4j:slf4j-api:jar:1.7.25:provided - omitted for conflict with 1.7.36)
[[1;34mINFO[m] |  |  |  \- org.apache.arrow:arrow-memory-netty:jar:12.0.1:provided
[[1;34mINFO[m] |  |  |     +- (org.apache.arrow:arrow-memory-core:jar:12.0.1:provided - omitted for duplicate)
[[1;34mINFO[m] |  |  |     \- (org.slf4j:slf4j-api:jar:1.7.25:provided - omitted for conflict with 1.7.36)
[[1;34mINFO[m] |  |  +- (org.apache.spark:spark-tags_2.12:jar:3.5.0:provided - omitted for duplicate)
[[1;34mINFO[m] |  |  +- (org.apache.spark:spark-unsafe_2.12:jar:3.5.0:provided - omitted for duplicate)
[[1;34mINFO[m] |  |  +- (org.apache.spark:spark-sketch_2.12:jar:3.5.0:provided - omitted for duplicate)
[[1;34mINFO[m] |  |  +- org.codehaus.janino:janino:jar:3.1.9:provided
[[1;34mINFO[m] |  |  |  \- (org.codehaus.janino:commons-compiler:jar:3.1.9:provided - omitted for duplicate)
[[1;34mINFO[m] |  |  +- org.codehaus.janino:commons-compiler:jar:3.1.9:provided
[[1;34mINFO[m] |  |  +- (commons-codec:commons-codec:jar:1.16.0:provided - omitted for duplicate)
[[1;34mINFO[m] |  |  +- (com.univocity:univocity-parsers:jar:2.9.1:provided - omitted for duplicate)
[[1;34mINFO[m] |  |  \- org.apache.datasketches:datasketches-java:jar:3.3.0:provided
[[1;34mINFO[m] |  |     \- org.apache.datasketches:datasketches-memory:jar:2.1.0:provided
[[1;34mINFO[m] |  +- (org.apache.spark:spark-tags_2.12:jar:3.5.0:provided - omitted for duplicate)
[[1;34mINFO[m] |  +- org.apache.orc:orc-core:jar:shaded-protobuf:1.9.1:provided
[[1;34mINFO[m] |  |  +- org.apache.orc:orc-shims:jar:1.9.1:provided
[[1;34mINFO[m] |  |  |  \- (org.slf4j:slf4j-api:jar:2.0.7:provided - omitted for conflict with 1.7.36)
[[1;34mINFO[m] |  |  +- (org.apache.commons:commons-lang3:jar:3.12.0:provided - omitted for duplicate)
[[1;34mINFO[m] |  |  +- io.airlift:aircompressor:jar:0.25:provided
[[1;34mINFO[m] |  |  +- org.jetbrains:annotations:jar:17.0.0:provided
[[1;34mINFO[m] |  |  +- (org.slf4j:slf4j-api:jar:2.0.7:provided - omitted for conflict with 1.7.36)
[[1;34mINFO[m] |  |  \- org.threeten:threeten-extra:jar:1.7.1:provided
[[1;34mINFO[m] |  +- org.apache.orc:orc-mapreduce:jar:shaded-protobuf:1.9.1:provided
[[1;34mINFO[m] |  |  \- (org.apache.commons:commons-lang3:jar:3.12.0:provided - omitted for duplicate)
[[1;34mINFO[m] |  +- org.apache.hive:hive-storage-api:jar:2.8.1:provided
[[1;34mINFO[m] |  |  \- (org.slf4j:slf4j-api:jar:1.7.30:provided - omitted for conflict with 1.7.36)
[[1;34mINFO[m] |  +- org.apache.parquet:parquet-column:jar:1.13.1:provided
[[1;34mINFO[m] |  |  +- org.apache.parquet:parquet-common:jar:1.13.1:provided
[[1;34mINFO[m] |  |  |  +- (org.apache.parquet:parquet-format-structures:jar:1.13.1:provided - omitted for duplicate)
[[1;34mINFO[m] |  |  |  \- (org.slf4j:slf4j-api:jar:1.7.22:provided - omitted for conflict with 1.7.36)
[[1;34mINFO[m] |  |  +- org.apache.parquet:parquet-encoding:jar:1.13.1:provided
[[1;34mINFO[m] |  |  |  +- (org.apache.parquet:parquet-common:jar:1.13.1:provided - omitted for duplicate)
[[1;34mINFO[m] |  |  |  \- (org.slf4j:slf4j-api:jar:1.7.22:provided - omitted for conflict with 1.7.36)
[[1;34mINFO[m] |  |  +- (org.apache.yetus:audience-annotations:jar:0.13.0:provided - omitted for conflict with 0.5.0)
[[1;34mINFO[m] |  |  \- (org.slf4j:slf4j-api:jar:1.7.22:provided - omitted for conflict with 1.7.36)
[[1;34mINFO[m] |  +- org.apache.parquet:parquet-hadoop:jar:1.13.1:provided
[[1;34mINFO[m] |  |  +- (org.apache.parquet:parquet-column:jar:1.13.1:provided - omitted for duplicate)
[[1;34mINFO[m] |  |  +- org.apache.parquet:parquet-format-structures:jar:1.13.1:provided
[[1;34mINFO[m] |  |  +- (org.apache.parquet:parquet-common:jar:1.13.1:provided - omitted for duplicate)
[[1;34mINFO[m] |  |  +- org.apache.parquet:parquet-jackson:jar:1.13.1:provided
[[1;34mINFO[m] |  |  +- (org.xerial.snappy:snappy-java:jar:1.1.8.3:provided - omitted for conflict with 1.1.10.3)
[[1;34mINFO[m] |  |  +- (io.airlift:aircompressor:jar:0.21:provided - omitted for conflict with 0.25)
[[1;34mINFO[m] |  |  +- (com.github.luben:zstd-jni:jar:1.5.0-1:provided - omitted for conflict with 1.5.5-4)
[[1;34mINFO[m] |  |  +- (org.slf4j:slf4j-api:jar:1.7.22:provided - omitted for conflict with 1.7.36)
[[1;34mINFO[m] |  |  \- (org.apache.yetus:audience-annotations:jar:0.13.0:provided - omitted for conflict with 0.5.0)
[[1;34mINFO[m] |  +- (com.fasterxml.jackson.core:jackson-databind:jar:2.15.2:provided - omitted for duplicate)
[[1;34mINFO[m] |  \- (org.apache.xbean:xbean-asm9-shaded:jar:4.23:provided - omitted for duplicate)
[[1;34mINFO[m] +- org.apache.kafka:kafka-clients:jar:3.6.1:compile
[[1;34mINFO[m] |  +- (com.github.luben:zstd-jni:jar:1.5.5-1:runtime - omitted for conflict with 1.5.5-4)
[[1;34mINFO[m] |  +- (org.lz4:lz4-java:jar:1.8.0:runtime - omitted for duplicate)
[[1;34mINFO[m] |  +- (org.xerial.snappy:snappy-java:jar:1.1.10.5:runtime - omitted for conflict with 1.1.10.3)
[[1;34mINFO[m] |  \- (org.slf4j:slf4j-api:jar:1.7.36:compile - scope updated from runtime; omitted for duplicate)
[[1;34mINFO[m] +- org.apache.spark:spark-common-utils_2.12:jar:3.5.0:compile
[[1;34mINFO[m] |  +- (org.apache.spark:spark-tags_2.12:jar:3.5.0:compile - omitted for duplicate)
[[1;34mINFO[m] |  +- (com.fasterxml.jackson.core:jackson-databind:jar:2.15.2:compile - omitted for duplicate)
[[1;34mINFO[m] |  +- (com.fasterxml.jackson.module:jackson-module-scala_2.12:jar:2.15.2:compile - omitted for duplicate)
[[1;34mINFO[m] |  +- (org.apache.commons:commons-text:jar:1.10.0:compile - omitted for duplicate)
[[1;34mINFO[m] |  +- org.slf4j:slf4j-api:jar:2.0.7:compile
[[1;34mINFO[m] |  +- org.slf4j:jul-to-slf4j:jar:2.0.7:compile
[[1;34mINFO[m] |  |  \- (org.slf4j:slf4j-api:jar:2.0.7:compile - omitted for duplicate)
[[1;34mINFO[m] |  +- org.slf4j:jcl-over-slf4j:jar:2.0.7:compile
[[1;34mINFO[m] |  |  \- (org.slf4j:slf4j-api:jar:2.0.7:compile - omitted for duplicate)
[[1;34mINFO[m] |  +- org.apache.logging.log4j:log4j-slf4j2-impl:jar:2.20.0:compile
[[1;34mINFO[m] |  |  +- (org.apache.logging.log4j:log4j-api:jar:2.20.0:compile - omitted for duplicate)
[[1;34mINFO[m] |  |  +- (org.slf4j:slf4j-api:jar:2.0.6:compile - omitted for conflict with 2.0.7)
[[1;34mINFO[m] |  |  \- (org.apache.logging.log4j:log4j-core:jar:2.20.0:runtime - omitted for duplicate)
[[1;34mINFO[m] |  +- org.apache.logging.log4j:log4j-api:jar:2.20.0:compile
[[1;34mINFO[m] |  +- org.apache.logging.log4j:log4j-core:jar:2.20.0:compile
[[1;34mINFO[m] |  |  \- (org.apache.logging.log4j:log4j-api:jar:2.20.0:compile - omitted for duplicate)
[[1;34mINFO[m] |  \- org.apache.logging.log4j:log4j-1.2-api:jar:2.20.0:compile
[[1;34mINFO[m] |     \- (org.apache.logging.log4j:log4j-api:jar:2.20.0:compile - omitted for duplicate)
[[1;34mINFO[m] +- org.apache.hbase:hbase-client:jar:2.5.8:compile
[[1;34mINFO[m] |  +- org.apache.hbase.thirdparty:hbase-shaded-protobuf:jar:4.1.5:compile
[[1;34mINFO[m] |  +- (org.apache.hbase:hbase-common:jar:2.5.8:compile - omitted for duplicate)
[[1;34mINFO[m] |  +- org.apache.hbase:hbase-hadoop-compat:jar:2.5.8:compile
[[1;34mINFO[m] |  |  +- (org.apache.hbase.thirdparty:hbase-shaded-miscellaneous:jar:4.1.5:compile - omitted for duplicate)
[[1;34mINFO[m] |  |  +- (org.slf4j:slf4j-api:jar:1.7.33:compile - omitted for conflict with 2.0.7)
[[1;34mINFO[m] |  |  +- org.apache.hbase:hbase-metrics-api:jar:2.5.8:compile
[[1;34mINFO[m] |  |  |  +- (org.apache.hbase:hbase-common:jar:2.5.8:compile - omitted for duplicate)
[[1;34mINFO[m] |  |  |  +- (org.slf4j:slf4j-api:jar:1.7.33:compile - omitted for conflict with 2.0.7)
[[1;34mINFO[m] |  |  |  +- (org.apache.commons:commons-lang3:jar:3.9:compile - omitted for conflict with 3.12.0)
[[1;34mINFO[m] |  |  |  +- (org.apache.hbase.thirdparty:hbase-shaded-miscellaneous:jar:4.1.5:compile - omitted for duplicate)
[[1;34mINFO[m] |  |  |  \- (org.apache.yetus:audience-annotations:jar:0.13.0:compile - omitted for conflict with 0.5.0)
[[1;34mINFO[m] |  |  \- (org.apache.yetus:audience-annotations:jar:0.13.0:compile - omitted for conflict with 0.5.0)
[[1;34mINFO[m] |  +- org.apache.hbase:hbase-hadoop2-compat:jar:2.5.8:compile
[[1;34mINFO[m] |  |  +- (org.apache.hbase:hbase-hadoop-compat:jar:2.5.8:compile - omitted for duplicate)
[[1;34mINFO[m] |  |  +- (org.apache.hbase:hbase-common:jar:2.5.8:compile - omitted for duplicate)
[[1;34mINFO[m] |  |  +- org.apache.hbase:hbase-metrics:jar:2.5.8:compile
[[1;34mINFO[m] |  |  |  +- (org.apache.hbase.thirdparty:hbase-shaded-miscellaneous:jar:4.1.5:compile - omitted for duplicate)
[[1;34mINFO[m] |  |  |  +- (org.apache.hbase:hbase-common:jar:2.5.8:compile - omitted for duplicate)
[[1;34mINFO[m] |  |  |  +- (org.apache.hbase:hbase-metrics-api:jar:2.5.8:compile - omitted for duplicate)
[[1;34mINFO[m] |  |  |  +- (io.dropwizard.metrics:metrics-core:jar:3.2.6:compile - omitted for conflict with 4.2.19)
[[1;34mINFO[m] |  |  |  \- (org.apache.yetus:audience-annotations:jar:0.13.0:compile - omitted for conflict with 0.5.0)
[[1;34mINFO[m] |  |  +- (org.apache.hbase:hbase-metrics-api:jar:2.5.8:compile - omitted for duplicate)
[[1;34mINFO[m] |  |  +- javax.activation:javax.activation-api:jar:1.2.0:runtime
[[1;34mINFO[m] |  |  +- (org.apache.commons:commons-lang3:jar:3.9:compile - omitted for conflict with 3.12.0)
[[1;34mINFO[m] |  |  +- (org.slf4j:slf4j-api:jar:1.7.33:compile - omitted for conflict with 2.0.7)
[[1;34mINFO[m] |  |  +- (org.apache.hbase.thirdparty:hbase-shaded-miscellaneous:jar:4.1.5:compile - omitted for duplicate)
[[1;34mINFO[m] |  |  \- (org.apache.yetus:audience-annotations:jar:0.13.0:compile - omitted for conflict with 0.5.0)
[[1;34mINFO[m] |  +- org.apache.hbase:hbase-protocol-shaded:jar:2.5.8:compile
[[1;34mINFO[m] |  |  +- (org.apache.hbase.thirdparty:hbase-shaded-protobuf:jar:4.1.5:compile - omitted for duplicate)
[[1;34mINFO[m] |  |  +- (org.apache.yetus:audience-annotations:jar:0.13.0:compile - omitted for conflict with 0.5.0)
[[1;34mINFO[m] |  |  \- javax.annotation:javax.annotation-api:jar:1.2:compile
[[1;34mINFO[m] |  +- org.apache.hbase:hbase-protocol:jar:2.5.8:compile
[[1;34mINFO[m] |  |  +- (com.google.protobuf:protobuf-java:jar:2.5.0:compile - omitted for duplicate)
[[1;34mINFO[m] |  |  +- (org.slf4j:slf4j-api:jar:1.7.33:compile - omitted for conflict with 2.0.7)
[[1;34mINFO[m] |  |  +- (org.apache.yetus:audience-annotations:jar:0.13.0:compile - omitted for conflict with 0.5.0)
[[1;34mINFO[m] |  |  \- (javax.annotation:javax.annotation-api:jar:1.2:compile - omitted for duplicate)
[[1;34mINFO[m] |  +- (commons-codec:commons-codec:jar:1.15:compile - omitted for conflict with 1.16.0)
[[1;34mINFO[m] |  +- (commons-io:commons-io:jar:2.11.0:compile - omitted for conflict with 2.13.0)
[[1;34mINFO[m] |  +- (org.apache.commons:commons-lang3:jar:3.9:compile - omitted for conflict with 3.12.0)
[[1;34mINFO[m] |  +- (org.slf4j:slf4j-api:jar:1.7.33:compile - omitted for conflict with 2.0.7)
[[1;34mINFO[m] |  +- org.apache.hbase.thirdparty:hbase-shaded-miscellaneous:jar:4.1.5:compile
[[1;34mINFO[m] |  |  \- com.google.errorprone:error_prone_annotations:jar:2.21.1:compile
[[1;34mINFO[m] |  +- com.google.protobuf:protobuf-java:jar:2.5.0:compile
[[1;34mINFO[m] |  +- org.apache.hbase.thirdparty:hbase-shaded-netty:jar:4.1.5:compile
[[1;34mINFO[m] |  +- (org.apache.zookeeper:zookeeper:jar:3.8.3:compile - omitted for conflict with 3.6.3)
[[1;34mINFO[m] |  +- io.opentelemetry:opentelemetry-api:jar:1.15.0:compile
[[1;34mINFO[m] |  |  \- io.opentelemetry:opentelemetry-context:jar:1.15.0:compile
[[1;34mINFO[m] |  +- org.jruby.jcodings:jcodings:jar:1.0.55:compile
[[1;34mINFO[m] |  +- org.jruby.joni:joni:jar:2.1.31:compile
[[1;34mINFO[m] |  |  \- (org.jruby.jcodings:jcodings:jar:1.0.46:compile - omitted for conflict with 1.0.55)
[[1;34mINFO[m] |  +- (io.dropwizard.metrics:metrics-core:jar:3.2.6:compile - omitted for conflict with 4.2.19)
[[1;34mINFO[m] |  +- (org.apache.commons:commons-crypto:jar:1.1.0:compile - omitted for duplicate)
[[1;34mINFO[m] |  \- org.apache.yetus:audience-annotations:jar:0.13.0:compile
[[1;34mINFO[m] +- org.apache.hbase:hbase-common:jar:2.5.8:compile
[[1;34mINFO[m] |  +- org.apache.hbase:hbase-logging:jar:2.5.8:compile
[[1;34mINFO[m] |  |  +- (org.slf4j:slf4j-api:jar:1.7.33:compile - omitted for conflict with 2.0.7)
[[1;34mINFO[m] |  |  \- (org.apache.yetus:audience-annotations:jar:0.13.0:compile - omitted for duplicate)
[[1;34mINFO[m] |  +- (org.apache.hbase.thirdparty:hbase-shaded-miscellaneous:jar:4.1.5:compile - omitted for duplicate)
[[1;34mINFO[m] |  +- org.apache.hbase.thirdparty:hbase-shaded-gson:jar:4.1.5:compile
[[1;34mINFO[m] |  +- (org.apache.hbase.thirdparty:hbase-shaded-netty:jar:4.1.5:compile - omitted for duplicate)
[[1;34mINFO[m] |  +- org.apache.hbase.thirdparty:hbase-unsafe:jar:4.1.5:compile
[[1;34mINFO[m] |  |  \- (org.slf4j:slf4j-api:jar:1.7.30:compile - omitted for conflict with 2.0.7)
[[1;34mINFO[m] |  +- (org.slf4j:slf4j-api:jar:1.7.33:compile - omitted for conflict with 2.0.7)
[[1;34mINFO[m] |  +- (commons-codec:commons-codec:jar:1.15:compile - omitted for conflict with 1.16.0)
[[1;34mINFO[m] |  +- (org.apache.commons:commons-lang3:jar:3.9:compile - omitted for conflict with 3.12.0)
[[1;34mINFO[m] |  +- (commons-io:commons-io:jar:2.11.0:compile - omitted for conflict with 2.13.0)
[[1;34mINFO[m] |  +- (com.google.protobuf:protobuf-java:jar:2.5.0:compile - omitted for duplicate)
[[1;34mINFO[m] |  +- (io.opentelemetry:opentelemetry-api:jar:1.15.0:compile - omitted for duplicate)
[[1;34mINFO[m] |  +- io.opentelemetry:opentelemetry-semconv:jar:1.15.0-alpha:compile
[[1;34mINFO[m] |  |  \- (io.opentelemetry:opentelemetry-api:jar:1.15.0:compile - omitted for duplicate)
[[1;34mINFO[m] |  +- (org.apache.commons:commons-crypto:jar:1.1.0:compile - omitted for duplicate)
[[1;34mINFO[m] |  \- (org.apache.yetus:audience-annotations:jar:0.13.0:compile - omitted for duplicate)
[[1;34mINFO[m] +- org.apache.hbase:hbase:pom:2.5.8:compile
[[1;34mINFO[m] \- org.apache.hbase:hbase-spark:jar:2.0.0-alpha4:compile
[[1;34mINFO[m]    +- (org.apache.hbase.thirdparty:hbase-shaded-miscellaneous:jar:1.0.1:compile - omitted for conflict with 4.1.5)
[[1;34mINFO[m]    +- com.fasterxml.jackson.module:jackson-module-scala_2.10:jar:2.9.1:compile
[[1;34mINFO[m]    |  +- (com.fasterxml.jackson.core:jackson-core:jar:2.9.1:compile - omitted for conflict with 2.14.2)
[[1;34mINFO[m]    |  +- (com.fasterxml.jackson.core:jackson-annotations:jar:2.9.1:compile - omitted for conflict with 2.15.2)
[[1;34mINFO[m]    |  +- (com.fasterxml.jackson.core:jackson-databind:jar:2.9.1:compile - omitted for conflict with 2.15.2)
[[1;34mINFO[m]    |  \- com.fasterxml.jackson.module:jackson-module-paranamer:jar:2.9.1:compile
[[1;34mINFO[m]    |     +- (com.fasterxml.jackson.core:jackson-databind:jar:2.9.1:compile - omitted for conflict with 2.15.2)
[[1;34mINFO[m]    |     \- (com.thoughtworks.paranamer:paranamer:jar:2.8:compile - omitted for duplicate)
[[1;34mINFO[m]    +- org.apache.hadoop:hadoop-client:jar:2.7.1:compile
[[1;34mINFO[m]    |  +- (org.apache.hadoop:hadoop-common:jar:2.7.1:compile - omitted for duplicate)
[[1;34mINFO[m]    |  +- org.apache.hadoop:hadoop-hdfs:jar:2.7.1:compile
[[1;34mINFO[m]    |  |  +- (com.google.guava:guava:jar:11.0.2:compile - omitted for duplicate)
[[1;34mINFO[m]    |  |  +- (org.mortbay.jetty:jetty-util:jar:6.1.26:compile - omitted for duplicate)
[[1;34mINFO[m]    |  |  +- (commons-cli:commons-cli:jar:1.2:compile - omitted for duplicate)
[[1;34mINFO[m]    |  |  +- (commons-codec:commons-codec:jar:1.4:compile - omitted for conflict with 1.16.0)
[[1;34mINFO[m]    |  |  +- (commons-io:commons-io:jar:2.4:compile - omitted for conflict with 2.13.0)
[[1;34mINFO[m]    |  |  +- (commons-lang:commons-lang:jar:2.6:compile - omitted for duplicate)
[[1;34mINFO[m]    |  |  +- (commons-logging:commons-logging:jar:1.1.3:compile - omitted for duplicate)
[[1;34mINFO[m]    |  |  +- (com.google.protobuf:protobuf-java:jar:2.5.0:compile - omitted for duplicate)
[[1;34mINFO[m]    |  |  +- (org.codehaus.jackson:jackson-core-asl:jar:1.9.13:compile - omitted for duplicate)
[[1;34mINFO[m]    |  |  +- (org.codehaus.jackson:jackson-mapper-asl:jar:1.9.13:compile - omitted for duplicate)
[[1;34mINFO[m]    |  |  +- (xmlenc:xmlenc:jar:0.52:compile - omitted for duplicate)
[[1;34mINFO[m]    |  |  +- (io.netty:netty-all:jar:4.0.23.Final:compile - omitted for conflict with 4.1.96.Final)
[[1;34mINFO[m]    |  |  +- xerces:xercesImpl:jar:2.9.1:compile
[[1;34mINFO[m]    |  |  |  \- xml-apis:xml-apis:jar:1.3.04:compile
[[1;34mINFO[m]    |  |  +- (org.apache.htrace:htrace-core:jar:3.1.0-incubating:compile - omitted for duplicate)
[[1;34mINFO[m]    |  |  \- (org.fusesource.leveldbjni:leveldbjni-all:jar:1.8:compile - omitted for duplicate)
[[1;34mINFO[m]    |  +- org.apache.hadoop:hadoop-mapreduce-client-app:jar:2.7.1:compile
[[1;34mINFO[m]    |  |  +- org.apache.hadoop:hadoop-mapreduce-client-common:jar:2.7.1:compile
[[1;34mINFO[m]    |  |  |  +- (org.apache.hadoop:hadoop-yarn-common:jar:2.7.1:compile - omitted for duplicate)
[[1;34mINFO[m]    |  |  |  +- org.apache.hadoop:hadoop-yarn-client:jar:2.7.1:compile
[[1;34mINFO[m]    |  |  |  |  +- (com.google.guava:guava:jar:11.0.2:compile - omitted for duplicate)
[[1;34mINFO[m]    |  |  |  |  +- (commons-logging:commons-logging:jar:1.1.3:compile - omitted for duplicate)
[[1;34mINFO[m]    |  |  |  |  +- (commons-lang:commons-lang:jar:2.6:compile - omitted for duplicate)
[[1;34mINFO[m]    |  |  |  |  +- (commons-cli:commons-cli:jar:1.2:compile - omitted for duplicate)
[[1;34mINFO[m]    |  |  |  |  +- (org.apache.hadoop:hadoop-yarn-api:jar:2.7.1:compile - omitted for duplicate)
[[1;34mINFO[m]    |  |  |  |  \- (org.apache.hadoop:hadoop-yarn-common:jar:2.7.1:compile - omitted for duplicate)
[[1;34mINFO[m]    |  |  |  +- (org.apache.hadoop:hadoop-mapreduce-client-core:jar:2.7.1:compile - omitted for duplicate)
[[1;34mINFO[m]    |  |  |  +- org.apache.hadoop:hadoop-yarn-server-common:jar:2.7.1:compile
[[1;34mINFO[m]    |  |  |  |  +- (org.apache.hadoop:hadoop-yarn-api:jar:2.7.1:compile - omitted for duplicate)
[[1;34mINFO[m]    |  |  |  |  +- (org.apache.hadoop:hadoop-yarn-common:jar:2.7.1:compile - omitted for duplicate)
[[1;34mINFO[m]    |  |  |  |  +- (com.google.guava:guava:jar:11.0.2:compile - omitted for duplicate)
[[1;34mINFO[m]    |  |  |  |  +- (commons-logging:commons-logging:jar:1.1.3:compile - omitted for duplicate)
[[1;34mINFO[m]    |  |  |  |  +- (com.google.protobuf:protobuf-java:jar:2.5.0:compile - omitted for duplicate)
[[1;34mINFO[m]    |  |  |  |  +- (org.apache.zookeeper:zookeeper:jar:3.4.6:compile - omitted for conflict with 3.6.3)
[[1;34mINFO[m]    |  |  |  |  \- (org.fusesource.leveldbjni:leveldbjni-all:jar:1.8:compile - omitted for duplicate)
[[1;34mINFO[m]    |  |  |  +- (com.google.protobuf:protobuf-java:jar:2.5.0:compile - omitted for duplicate)
[[1;34mINFO[m]    |  |  |  +- (org.slf4j:slf4j-api:jar:1.7.10:compile - omitted for conflict with 2.0.7)
[[1;34mINFO[m]    |  |  |  \- (org.slf4j:slf4j-log4j12:jar:1.7.10:compile - omitted for duplicate)
[[1;34mINFO[m]    |  |  +- org.apache.hadoop:hadoop-mapreduce-client-shuffle:jar:2.7.1:compile
[[1;34mINFO[m]    |  |  |  +- (org.apache.hadoop:hadoop-yarn-server-common:jar:2.7.1:compile - omitted for duplicate)
[[1;34mINFO[m]    |  |  |  +- (org.apache.hadoop:hadoop-mapreduce-client-common:jar:2.7.1:compile - omitted for duplicate)
[[1;34mINFO[m]    |  |  |  +- (org.fusesource.leveldbjni:leveldbjni-all:jar:1.8:compile - omitted for duplicate)
[[1;34mINFO[m]    |  |  |  +- (com.google.protobuf:protobuf-java:jar:2.5.0:compile - omitted for duplicate)
[[1;34mINFO[m]    |  |  |  +- (org.slf4j:slf4j-api:jar:1.7.10:compile - omitted for conflict with 2.0.7)
[[1;34mINFO[m]    |  |  |  \- (org.slf4j:slf4j-log4j12:jar:1.7.10:compile - omitted for duplicate)
[[1;34mINFO[m]    |  |  +- (com.google.protobuf:protobuf-java:jar:2.5.0:compile - omitted for duplicate)
[[1;34mINFO[m]    |  |  +- (org.slf4j:slf4j-api:jar:1.7.10:compile - omitted for conflict with 2.0.7)
[[1;34mINFO[m]    |  |  \- org.slf4j:slf4j-log4j12:jar:1.7.10:compile
[[1;34mINFO[m]    |  |     \- (org.slf4j:slf4j-api:jar:1.7.10:compile - omitted for conflict with 2.0.7)
[[1;34mINFO[m]    |  +- org.apache.hadoop:hadoop-yarn-api:jar:2.7.1:compile
[[1;34mINFO[m]    |  |  +- (commons-lang:commons-lang:jar:2.6:compile - omitted for duplicate)
[[1;34mINFO[m]    |  |  +- (com.google.guava:guava:jar:11.0.2:compile - omitted for duplicate)
[[1;34mINFO[m]    |  |  +- (commons-logging:commons-logging:jar:1.1.3:compile - omitted for duplicate)
[[1;34mINFO[m]    |  |  \- (com.google.protobuf:protobuf-java:jar:2.5.0:compile - omitted for duplicate)
[[1;34mINFO[m]    |  +- org.apache.hadoop:hadoop-mapreduce-client-core:jar:2.7.1:compile
[[1;34mINFO[m]    |  |  +- org.apache.hadoop:hadoop-yarn-common:jar:2.7.1:compile
[[1;34mINFO[m]    |  |  |  +- (org.apache.hadoop:hadoop-yarn-api:jar:2.7.1:compile - omitted for duplicate)
[[1;34mINFO[m]    |  |  |  +- javax.xml.bind:jaxb-api:jar:2.2.2:compile
[[1;34mINFO[m]    |  |  |  |  +- javax.xml.stream:stax-api:jar:1.0-2:compile
[[1;34mINFO[m]    |  |  |  |  \- (javax.activation:activation:jar:1.1:compile - omitted for conflict with 1.1.1)
[[1;34mINFO[m]    |  |  |  +- (org.apache.commons:commons-compress:jar:1.4.1:compile - omitted for conflict with 1.23.0)
[[1;34mINFO[m]    |  |  |  +- (commons-lang:commons-lang:jar:2.6:compile - omitted for duplicate)
[[1;34mINFO[m]    |  |  |  +- (commons-codec:commons-codec:jar:1.4:compile - omitted for conflict with 1.16.0)
[[1;34mINFO[m]    |  |  |  +- (org.mortbay.jetty:jetty-util:jar:6.1.26:compile - omitted for duplicate)
[[1;34mINFO[m]    |  |  |  +- (com.sun.jersey:jersey-core:jar:1.9:compile - omitted for duplicate)
[[1;34mINFO[m]    |  |  |  +- com.sun.jersey:jersey-client:jar:1.9:compile
[[1;34mINFO[m]    |  |  |  |  \- (com.sun.jersey:jersey-core:jar:1.9:compile - omitted for duplicate)
[[1;34mINFO[m]    |  |  |  +- (org.codehaus.jackson:jackson-core-asl:jar:1.9.13:compile - omitted for duplicate)
[[1;34mINFO[m]    |  |  |  +- (org.codehaus.jackson:jackson-mapper-asl:jar:1.9.13:compile - omitted for duplicate)
[[1;34mINFO[m]    |  |  |  +- (org.codehaus.jackson:jackson-jaxrs:jar:1.9.13:compile - omitted for conflict with 1.8.3)
[[1;34mINFO[m]    |  |  |  +- (org.codehaus.jackson:jackson-xc:jar:1.9.13:compile - omitted for conflict with 1.8.3)
[[1;34mINFO[m]    |  |  |  +- (com.google.guava:guava:jar:11.0.2:compile - omitted for duplicate)
[[1;34mINFO[m]    |  |  |  +- (commons-logging:commons-logging:jar:1.1.3:compile - omitted for duplicate)
[[1;34mINFO[m]    |  |  |  +- (commons-cli:commons-cli:jar:1.2:compile - omitted for duplicate)
[[1;34mINFO[m]    |  |  |  +- (org.slf4j:slf4j-api:jar:1.7.10:compile - omitted for conflict with 2.0.7)
[[1;34mINFO[m]    |  |  |  +- (com.google.protobuf:protobuf-java:jar:2.5.0:compile - omitted for duplicate)
[[1;34mINFO[m]    |  |  |  \- (commons-io:commons-io:jar:2.4:compile - omitted for conflict with 2.13.0)
[[1;34mINFO[m]    |  |  +- (com.google.protobuf:protobuf-java:jar:2.5.0:compile - omitted for duplicate)
[[1;34mINFO[m]    |  |  +- (org.slf4j:slf4j-api:jar:1.7.10:compile - omitted for conflict with 2.0.7)
[[1;34mINFO[m]    |  |  \- (org.slf4j:slf4j-log4j12:jar:1.7.10:compile - omitted for duplicate)
[[1;34mINFO[m]    |  +- org.apache.hadoop:hadoop-mapreduce-client-jobclient:jar:2.7.1:compile
[[1;34mINFO[m]    |  |  +- (org.apache.hadoop:hadoop-mapreduce-client-common:jar:2.7.1:compile - omitted for duplicate)
[[1;34mINFO[m]    |  |  +- (org.apache.hadoop:hadoop-mapreduce-client-shuffle:jar:2.7.1:compile - omitted for duplicate)
[[1;34mINFO[m]    |  |  +- (com.google.protobuf:protobuf-java:jar:2.5.0:compile - omitted for duplicate)
[[1;34mINFO[m]    |  |  +- (org.slf4j:slf4j-api:jar:1.7.10:compile - omitted for conflict with 2.0.7)
[[1;34mINFO[m]    |  |  \- (org.slf4j:slf4j-log4j12:jar:1.7.10:compile - omitted for duplicate)
[[1;34mINFO[m]    |  \- org.apache.hadoop:hadoop-annotations:jar:2.7.1:compile
[[1;34mINFO[m]    +- org.apache.hadoop:hadoop-common:jar:2.7.1:compile
[[1;34mINFO[m]    |  +- (org.apache.hadoop:hadoop-annotations:jar:2.7.1:compile - omitted for duplicate)
[[1;34mINFO[m]    |  +- com.google.guava:guava:jar:11.0.2:compile
[[1;34mINFO[m]    |  +- commons-cli:commons-cli:jar:1.2:compile
[[1;34mINFO[m]    |  +- (org.apache.commons:commons-math3:jar:3.1.1:compile - omitted for conflict with 3.6.1)
[[1;34mINFO[m]    |  +- xmlenc:xmlenc:jar:0.52:compile
[[1;34mINFO[m]    |  +- commons-httpclient:commons-httpclient:jar:3.1:compile
[[1;34mINFO[m]    |  |  +- (commons-logging:commons-logging:jar:1.0.4:compile - omitted for conflict with 1.1.3)
[[1;34mINFO[m]    |  |  \- (commons-codec:commons-codec:jar:1.2:compile - omitted for conflict with 1.16.0)
[[1;34mINFO[m]    |  +- (commons-codec:commons-codec:jar:1.4:compile - omitted for conflict with 1.16.0)
[[1;34mINFO[m]    |  +- (commons-io:commons-io:jar:2.4:compile - omitted for conflict with 2.13.0)
[[1;34mINFO[m]    |  +- commons-net:commons-net:jar:3.1:compile
[[1;34mINFO[m]    |  +- (commons-collections:commons-collections:jar:3.2.1:compile - omitted for conflict with 3.2.2)
[[1;34mINFO[m]    |  +- org.mortbay.jetty:jetty:jar:6.1.26:compile
[[1;34mINFO[m]    |  |  \- (org.mortbay.jetty:jetty-util:jar:6.1.26:compile - omitted for duplicate)
[[1;34mINFO[m]    |  +- org.mortbay.jetty:jetty-util:jar:6.1.26:compile
[[1;34mINFO[m]    |  +- com.sun.jersey:jersey-core:jar:1.9:compile
[[1;34mINFO[m]    |  +- com.sun.jersey:jersey-json:jar:1.9:compile
[[1;34mINFO[m]    |  |  +- (org.codehaus.jettison:jettison:jar:1.1:compile - omitted for conflict with 1.3.8)
[[1;34mINFO[m]    |  |  +- com.sun.xml.bind:jaxb-impl:jar:2.2.3-1:compile
[[1;34mINFO[m]    |  |  |  \- (javax.xml.bind:jaxb-api:jar:2.2.2:compile - omitted for duplicate)
[[1;34mINFO[m]    |  |  +- (org.codehaus.jackson:jackson-core-asl:jar:1.8.3:compile - omitted for conflict with 1.9.13)
[[1;34mINFO[m]    |  |  +- (org.codehaus.jackson:jackson-mapper-asl:jar:1.8.3:compile - omitted for conflict with 1.9.13)
[[1;34mINFO[m]    |  |  +- org.codehaus.jackson:jackson-jaxrs:jar:1.8.3:compile
[[1;34mINFO[m]    |  |  |  +- (org.codehaus.jackson:jackson-core-asl:jar:1.8.3:compile - omitted for duplicate)
[[1;34mINFO[m]    |  |  |  \- (org.codehaus.jackson:jackson-mapper-asl:jar:1.8.3:compile - omitted for duplicate)
[[1;34mINFO[m]    |  |  +- org.codehaus.jackson:jackson-xc:jar:1.8.3:compile
[[1;34mINFO[m]    |  |  |  +- (org.codehaus.jackson:jackson-core-asl:jar:1.8.3:compile - omitted for duplicate)
[[1;34mINFO[m]    |  |  |  \- (org.codehaus.jackson:jackson-mapper-asl:jar:1.8.3:compile - omitted for duplicate)
[[1;34mINFO[m]    |  |  \- (com.sun.jersey:jersey-core:jar:1.9:compile - omitted for duplicate)
[[1;34mINFO[m]    |  +- com.sun.jersey:jersey-server:jar:1.9:compile
[[1;34mINFO[m]    |  |  +- asm:asm:jar:3.1:compile
[[1;34mINFO[m]    |  |  \- (com.sun.jersey:jersey-core:jar:1.9:compile - omitted for duplicate)
[[1;34mINFO[m]    |  +- commons-logging:commons-logging:jar:1.1.3:compile
[[1;34mINFO[m]    |  +- net.java.dev.jets3t:jets3t:jar:0.9.0:compile
[[1;34mINFO[m]    |  |  +- (commons-codec:commons-codec:jar:1.4:compile - omitted for conflict with 1.16.0)
[[1;34mINFO[m]    |  |  +- (commons-logging:commons-logging:jar:1.1.1:compile - omitted for conflict with 1.1.3)
[[1;34mINFO[m]    |  |  +- org.apache.httpcomponents:httpclient:jar:4.1.2:compile
[[1;34mINFO[m]    |  |  |  \- (org.apache.httpcomponents:httpcore:jar:4.1.2:compile - omitted for duplicate)
[[1;34mINFO[m]    |  |  +- org.apache.httpcomponents:httpcore:jar:4.1.2:compile
[[1;34mINFO[m]    |  |  \- com.jamesmurty.utils:java-xmlbuilder:jar:0.4:compile
[[1;34mINFO[m]    |  +- commons-lang:commons-lang:jar:2.6:compile
[[1;34mINFO[m]    |  +- commons-configuration:commons-configuration:jar:1.6:compile
[[1;34mINFO[m]    |  |  +- (commons-collections:commons-collections:jar:3.2.1:compile - omitted for conflict with 3.2.2)
[[1;34mINFO[m]    |  |  +- (commons-lang:commons-lang:jar:2.4:compile - omitted for conflict with 2.6)
[[1;34mINFO[m]    |  |  +- (commons-logging:commons-logging:jar:1.1.1:compile - omitted for conflict with 1.1.3)
[[1;34mINFO[m]    |  |  +- commons-digester:commons-digester:jar:1.8:compile
[[1;34mINFO[m]    |  |  |  +- commons-beanutils:commons-beanutils:jar:1.7.0:compile
[[1;34mINFO[m]    |  |  |  |  \- (commons-logging:commons-logging:jar:1.0.3:compile - omitted for conflict with 1.1.3)
[[1;34mINFO[m]    |  |  |  \- (commons-logging:commons-logging:jar:1.1:compile - omitted for conflict with 1.1.3)
[[1;34mINFO[m]    |  |  \- commons-beanutils:commons-beanutils-core:jar:1.8.0:compile
[[1;34mINFO[m]    |  |     \- (commons-logging:commons-logging:jar:1.1.1:compile - omitted for conflict with 1.1.3)
[[1;34mINFO[m]    |  +- (org.slf4j:slf4j-api:jar:1.7.10:compile - omitted for conflict with 2.0.7)
[[1;34mINFO[m]    |  +- (org.slf4j:slf4j-log4j12:jar:1.7.10:compile - scope updated from runtime; omitted for duplicate)
[[1;34mINFO[m]    |  +- org.codehaus.jackson:jackson-core-asl:jar:1.9.13:compile
[[1;34mINFO[m]    |  +- org.codehaus.jackson:jackson-mapper-asl:jar:1.9.13:compile
[[1;34mINFO[m]    |  |  \- (org.codehaus.jackson:jackson-core-asl:jar:1.9.13:compile - omitted for duplicate)
[[1;34mINFO[m]    |  +- (org.apache.avro:avro:jar:1.7.4:compile - omitted for conflict with 1.11.2)
[[1;34mINFO[m]    |  +- (com.google.protobuf:protobuf-java:jar:2.5.0:compile - omitted for duplicate)
[[1;34mINFO[m]    |  +- com.google.code.gson:gson:jar:2.2.4:compile
[[1;34mINFO[m]    |  +- org.apache.hadoop:hadoop-auth:jar:2.7.1:compile
[[1;34mINFO[m]    |  |  +- (org.slf4j:slf4j-api:jar:1.7.10:compile - omitted for conflict with 2.0.7)
[[1;34mINFO[m]    |  |  +- (commons-codec:commons-codec:jar:1.4:compile - omitted for conflict with 1.16.0)
[[1;34mINFO[m]    |  |  +- (org.slf4j:slf4j-log4j12:jar:1.7.10:runtime - omitted for duplicate)
[[1;34mINFO[m]    |  |  +- (org.apache.httpcomponents:httpclient:jar:4.2.5:compile - omitted for conflict with 4.1.2)
[[1;34mINFO[m]    |  |  +- org.apache.directory.server:apacheds-kerberos-codec:jar:2.0.0-M15:compile
[[1;34mINFO[m]    |  |  |  +- org.apache.directory.server:apacheds-i18n:jar:2.0.0-M15:compile
[[1;34mINFO[m]    |  |  |  |  \- (org.slf4j:slf4j-api:jar:1.7.5:compile - omitted for conflict with 2.0.7)
[[1;34mINFO[m]    |  |  |  +- org.apache.directory.api:api-asn1-api:jar:1.0.0-M20:compile
[[1;34mINFO[m]    |  |  |  |  \- (org.slf4j:slf4j-api:jar:1.7.5:compile - omitted for conflict with 2.0.7)
[[1;34mINFO[m]    |  |  |  +- org.apache.directory.api:api-util:jar:1.0.0-M20:compile
[[1;34mINFO[m]    |  |  |  |  \- (org.slf4j:slf4j-api:jar:1.7.5:compile - omitted for conflict with 2.0.7)
[[1;34mINFO[m]    |  |  |  \- (org.slf4j:slf4j-api:jar:1.7.5:compile - omitted for conflict with 2.0.7)
[[1;34mINFO[m]    |  |  +- (org.apache.zookeeper:zookeeper:jar:3.4.6:compile - omitted for conflict with 3.6.3)
[[1;34mINFO[m]    |  |  \- (org.apache.curator:curator-framework:jar:2.7.1:compile - omitted for conflict with 2.13.0)
[[1;34mINFO[m]    |  +- com.jcraft:jsch:jar:0.1.42:compile
[[1;34mINFO[m]    |  +- org.apache.curator:curator-client:jar:2.7.1:compile
[[1;34mINFO[m]    |  |  +- (org.slf4j:slf4j-api:jar:1.7.6:compile - omitted for conflict with 2.0.7)
[[1;34mINFO[m]    |  |  +- (org.apache.zookeeper:zookeeper:jar:3.4.6:compile - omitted for conflict with 3.6.3)
[[1;34mINFO[m]    |  |  \- (com.google.guava:guava:jar:16.0.1:compile - omitted for conflict with 11.0.2)
[[1;34mINFO[m]    |  +- (org.apache.curator:curator-recipes:jar:2.7.1:compile - omitted for conflict with 2.13.0)
[[1;34mINFO[m]    |  +- org.apache.htrace:htrace-core:jar:3.1.0-incubating:compile
[[1;34mINFO[m]    |  +- (org.apache.zookeeper:zookeeper:jar:3.4.6:compile - omitted for conflict with 3.6.3)
[[1;34mINFO[m]    |  \- (org.apache.commons:commons-compress:jar:1.4.1:compile - omitted for conflict with 1.23.0)
[[1;34mINFO[m]    +- (org.apache.hbase:hbase-client:jar:2.0.0-alpha4:compile - omitted for conflict with 2.5.8)
[[1;34mINFO[m]    +- (org.apache.hbase:hbase-protocol:jar:2.0.0-alpha4:compile - omitted for conflict with 2.5.8)
[[1;34mINFO[m]    +- (org.apache.hbase:hbase-protocol-shaded:jar:2.0.0-alpha4:compile - omitted for conflict with 2.5.8)
[[1;34mINFO[m]    +- org.apache.hbase:hbase-annotations:jar:2.0.0-alpha4:compile
[[1;34mINFO[m]    |  \- junit:junit:jar:4.12:compile
[[1;34mINFO[m]    |     \- org.hamcrest:hamcrest-core:jar:1.3:compile
[[1;34mINFO[m]    +- (org.apache.hbase:hbase-common:jar:2.0.0-alpha4:compile - omitted for conflict with 2.5.8)
[[1;34mINFO[m]    +- org.apache.hbase:hbase-server:jar:2.0.0-alpha4:compile
[[1;34mINFO[m]    |  +- (org.apache.hbase.thirdparty:hbase-shaded-protobuf:jar:1.0.1:compile - omitted for conflict with 4.1.5)
[[1;34mINFO[m]    |  +- (org.apache.hbase.thirdparty:hbase-shaded-netty:jar:1.0.1:compile - omitted for conflict with 4.1.5)
[[1;34mINFO[m]    |  +- (org.apache.hbase.thirdparty:hbase-shaded-miscellaneous:jar:1.0.1:compile - omitted for conflict with 4.1.5)
[[1;34mINFO[m]    |  +- (org.apache.hbase:hbase-common:jar:2.0.0-alpha4:compile - omitted for conflict with 2.5.8)
[[1;34mINFO[m]    |  +- org.apache.hbase:hbase-http:jar:2.0.0-alpha4:compile
[[1;34mINFO[m]    |  |  +- (org.apache.hbase.thirdparty:hbase-shaded-miscellaneous:jar:1.0.1:compile - omitted for conflict with 4.1.5)
[[1;34mINFO[m]    |  |  +- (org.apache.hbase:hbase-common:jar:2.0.0-alpha4:compile - omitted for conflict with 2.5.8)
[[1;34mINFO[m]    |  |  +- (org.eclipse.jetty:jetty-server:jar:9.4.6.v20170531:compile - omitted for duplicate)
[[1;34mINFO[m]    |  |  +- (org.eclipse.jetty:jetty-servlet:jar:9.4.6.v20170531:compile - omitted for duplicate)
[[1;34mINFO[m]    |  |  +- org.eclipse.jetty:jetty-util:jar:9.4.6.v20170531:compile
[[1;34mINFO[m]    |  |  +- org.eclipse.jetty:jetty-util-ajax:jar:9.4.6.v20170531:compile
[[1;34mINFO[m]    |  |  |  \- (org.eclipse.jetty:jetty-util:jar:9.4.6.v20170531:compile - omitted for duplicate)
[[1;34mINFO[m]    |  |  +- (org.eclipse.jetty:jetty-webapp:jar:9.4.6.v20170531:compile - omitted for duplicate)
[[1;34mINFO[m]    |  |  +- org.eclipse.jetty:jetty-http:jar:9.4.6.v20170531:compile
[[1;34mINFO[m]    |  |  |  +- (org.eclipse.jetty:jetty-util:jar:9.4.6.v20170531:compile - omitted for duplicate)
[[1;34mINFO[m]    |  |  |  \- (org.eclipse.jetty:jetty-io:jar:9.4.6.v20170531:compile - omitted for duplicate)
[[1;34mINFO[m]    |  |  +- org.eclipse.jetty:jetty-security:jar:9.4.6.v20170531:compile
[[1;34mINFO[m]    |  |  |  \- (org.eclipse.jetty:jetty-server:jar:9.4.6.v20170531:compile - omitted for duplicate)
[[1;34mINFO[m]    |  |  +- (org.glassfish.jersey.core:jersey-server:jar:2.25.1:compile - omitted for conflict with 2.40)
[[1;34mINFO[m]    |  |  +- (org.glassfish.jersey.containers:jersey-container-servlet-core:jar:2.25.1:compile - omitted for conflict with 2.40)
[[1;34mINFO[m]    |  |  +- (commons-logging:commons-logging:jar:1.2:compile - omitted for conflict with 1.1.3)
[[1;34mINFO[m]    |  |  +- (log4j:log4j:jar:1.2.17:compile - omitted for duplicate)
[[1;34mINFO[m]    |  |  +- (javax.servlet:javax.servlet-api:jar:3.1.0:compile - omitted for duplicate)
[[1;34mINFO[m]    |  |  +- (javax.ws.rs:javax.ws.rs-api:jar:2.0.1:compile - omitted for duplicate)
[[1;34mINFO[m]    |  |  +- (org.apache.hadoop:hadoop-common:jar:2.7.1:compile - omitted for duplicate)
[[1;34mINFO[m]    |  |  +- (org.apache.hadoop:hadoop-auth:jar:2.7.1:compile - omitted for duplicate)
[[1;34mINFO[m]    |  |  \- (org.apache.yetus:audience-annotations:jar:0.5.0:compile - omitted for conflict with 0.13.0)
[[1;34mINFO[m]    |  +- (org.apache.hbase:hbase-protocol:jar:2.0.0-alpha4:compile - omitted for conflict with 2.5.8)
[[1;34mINFO[m]    |  +- (org.apache.hbase:hbase-protocol-shaded:jar:2.0.0-alpha4:compile - omitted for conflict with 2.5.8)
[[1;34mINFO[m]    |  +- org.apache.hbase:hbase-procedure:jar:2.0.0-alpha4:compile
[[1;34mINFO[m]    |  |  +- org.apache.hbase:hbase-common:jar:tests:2.0.0-alpha4:compile
[[1;34mINFO[m]    |  |  |  +- (org.apache.hbase.thirdparty:hbase-shaded-miscellaneous:jar:1.0.1:compile - omitted for conflict with 4.1.5)
[[1;34mINFO[m]    |  |  |  +- (commons-logging:commons-logging:jar:1.2:compile - omitted for conflict with 1.1.3)
[[1;34mINFO[m]    |  |  |  +- (commons-codec:commons-codec:jar:1.10:compile - omitted for conflict with 1.16.0)
[[1;34mINFO[m]    |  |  |  +- (org.apache.commons:commons-lang3:jar:3.6:compile - omitted for conflict with 3.12.0)
[[1;34mINFO[m]    |  |  |  +- (org.apache.commons:commons-collections4:jar:4.1:compile - omitted for conflict with 4.4)
[[1;34mINFO[m]    |  |  |  +- (commons-io:commons-io:jar:2.5:compile - omitted for conflict with 2.13.0)
[[1;34mINFO[m]    |  |  |  +- (com.google.protobuf:protobuf-java:jar:2.5.0:compile - omitted for duplicate)
[[1;34mINFO[m]    |  |  |  +- (org.apache.htrace:htrace-core:jar:3.2.0-incubating:compile - omitted for conflict with 3.1.0-incubating)
[[1;34mINFO[m]    |  |  |  +- (org.apache.commons:commons-crypto:jar:1.0.0:compile - omitted for conflict with 1.1.0)
[[1;34mINFO[m]    |  |  |  +- (commons-cli:commons-cli:jar:1.4:compile - omitted for conflict with 1.2)
[[1;34mINFO[m]    |  |  |  +- (com.github.stephenc.findbugs:findbugs-annotations:jar:1.3.9-1:compile - omitted for duplicate)
[[1;34mINFO[m]    |  |  |  +- (com.fasterxml.jackson.core:jackson-databind:jar:2.9.1:compile - omitted for conflict with 2.15.2)
[[1;34mINFO[m]    |  |  |  +- (log4j:log4j:jar:1.2.17:compile - omitted for duplicate)
[[1;34mINFO[m]    |  |  |  +- (org.apache.hadoop:hadoop-common:jar:2.7.1:compile - omitted for duplicate)
[[1;34mINFO[m]    |  |  |  \- (org.apache.yetus:audience-annotations:jar:0.5.0:compile - omitted for conflict with 0.13.0)
[[1;34mINFO[m]    |  |  +- (org.apache.hbase.thirdparty:hbase-shaded-protobuf:jar:1.0.1:compile - omitted for conflict with 4.1.5)
[[1;34mINFO[m]    |  |  +- (org.apache.hbase:hbase-protocol-shaded:jar:2.0.0-alpha4:compile - omitted for conflict with 2.5.8)
[[1;34mINFO[m]    |  |  +- (org.apache.hbase:hbase-common:jar:2.0.0-alpha4:compile - omitted for conflict with 2.5.8)
[[1;34mINFO[m]    |  |  +- (org.apache.hbase.thirdparty:hbase-shaded-miscellaneous:jar:1.0.1:compile - omitted for conflict with 4.1.5)
[[1;34mINFO[m]    |  |  +- (commons-logging:commons-logging:jar:1.2:compile - omitted for conflict with 1.1.3)
[[1;34mINFO[m]    |  |  +- (commons-cli:commons-cli:jar:1.4:compile - omitted for conflict with 1.2)
[[1;34mINFO[m]    |  |  +- com.github.stephenc.findbugs:findbugs-annotations:jar:1.3.9-1:compile
[[1;34mINFO[m]    |  |  +- (org.apache.hbase:hbase-metrics-api:jar:2.0.0-alpha4:compile - omitted for conflict with 2.5.8)
[[1;34mINFO[m]    |  |  +- (org.apache.commons:commons-collections4:jar:4.1:compile - omitted for conflict with 4.4)
[[1;34mINFO[m]    |  |  +- (org.apache.hadoop:hadoop-common:jar:2.7.1:compile - omitted for duplicate)
[[1;34mINFO[m]    |  |  \- (org.apache.yetus:audience-annotations:jar:0.5.0:compile - omitted for conflict with 0.13.0)
[[1;34mINFO[m]    |  +- (org.apache.hbase:hbase-client:jar:2.0.0-alpha4:compile - omitted for conflict with 2.5.8)
[[1;34mINFO[m]    |  +- org.apache.hbase:hbase-replication:jar:2.0.0-alpha4:compile
[[1;34mINFO[m]    |  |  +- (org.apache.hbase.thirdparty:hbase-shaded-miscellaneous:jar:1.0.1:compile - omitted for conflict with 4.1.5)
[[1;34mINFO[m]    |  |  +- (org.apache.hbase.thirdparty:hbase-shaded-protobuf:jar:1.0.1:compile - omitted for conflict with 4.1.5)
[[1;34mINFO[m]    |  |  +- (org.apache.hbase:hbase-protocol-shaded:jar:2.0.0-alpha4:compile - omitted for conflict with 2.5.8)
[[1;34mINFO[m]    |  |  +- (org.apache.hbase:hbase-common:jar:2.0.0-alpha4:compile - omitted for conflict with 2.5.8)
[[1;34mINFO[m]    |  |  +- (org.apache.hbase:hbase-client:jar:2.0.0-alpha4:compile - omitted for conflict with 2.5.8)
[[1;34mINFO[m]    |  |  +- (org.apache.commons:commons-lang3:jar:3.6:compile - omitted for conflict with 3.12.0)
[[1;34mINFO[m]    |  |  +- (commons-logging:commons-logging:jar:1.2:compile - omitted for conflict with 1.1.3)
[[1;34mINFO[m]    |  |  +- (org.apache.zookeeper:zookeeper:jar:3.4.10:compile - omitted for conflict with 3.6.3)
[[1;34mINFO[m]    |  |  +- (org.apache.hadoop:hadoop-common:jar:2.7.1:compile - omitted for duplicate)
[[1;34mINFO[m]    |  |  \- (org.apache.yetus:audience-annotations:jar:0.5.0:compile - omitted for conflict with 0.13.0)
[[1;34mINFO[m]    |  +- org.apache.hbase:hbase-prefix-tree:jar:2.0.0-alpha4:runtime
[[1;34mINFO[m]    |  |  +- (org.apache.hbase:hbase-common:jar:tests:2.0.0-alpha4:runtime - omitted for duplicate)
[[1;34mINFO[m]    |  |  +- (org.apache.hbase:hbase-common:jar:2.0.0-alpha4:runtime - omitted for conflict with 2.5.8)
[[1;34mINFO[m]    |  |  +- (org.apache.hbase.thirdparty:hbase-shaded-miscellaneous:jar:1.0.1:runtime - omitted for conflict with 4.1.5)
[[1;34mINFO[m]    |  |  +- (commons-logging:commons-logging:jar:1.2:runtime - omitted for conflict with 1.1.3)
[[1;34mINFO[m]    |  |  +- (org.apache.hadoop:hadoop-common:jar:2.7.1:runtime - omitted for duplicate)
[[1;34mINFO[m]    |  |  \- (org.apache.yetus:audience-annotations:jar:0.5.0:runtime - omitted for conflict with 0.13.0)
[[1;34mINFO[m]    |  +- (org.apache.hbase:hbase-metrics-api:jar:2.0.0-alpha4:compile - omitted for conflict with 2.5.8)
[[1;34mINFO[m]    |  +- (org.apache.hbase:hbase-metrics:jar:2.0.0-alpha4:compile - omitted for conflict with 2.5.8)
[[1;34mINFO[m]    |  +- (commons-codec:commons-codec:jar:1.10:compile - omitted for conflict with 1.16.0)
[[1;34mINFO[m]    |  +- (org.apache.commons:commons-collections4:jar:4.1:compile - omitted for conflict with 4.4)
[[1;34mINFO[m]    |  +- (org.apache.hbase:hbase-hadoop-compat:jar:2.0.0-alpha4:compile - omitted for conflict with 2.5.8)
[[1;34mINFO[m]    |  +- (org.apache.hbase:hbase-hadoop2-compat:jar:2.0.0-alpha4:compile - omitted for conflict with 2.5.8)
[[1;34mINFO[m]    |  +- org.eclipse.jetty:jetty-server:jar:9.4.6.v20170531:compile
[[1;34mINFO[m]    |  |  +- (javax.servlet:javax.servlet-api:jar:3.1.0:compile - omitted for duplicate)
[[1;34mINFO[m]    |  |  +- (org.eclipse.jetty:jetty-http:jar:9.4.6.v20170531:compile - omitted for duplicate)
[[1;34mINFO[m]    |  |  \- org.eclipse.jetty:jetty-io:jar:9.4.6.v20170531:compile
[[1;34mINFO[m]    |  |     \- (org.eclipse.jetty:jetty-util:jar:9.4.6.v20170531:compile - omitted for duplicate)
[[1;34mINFO[m]    |  +- org.eclipse.jetty:jetty-servlet:jar:9.4.6.v20170531:compile
[[1;34mINFO[m]    |  |  \- (org.eclipse.jetty:jetty-security:jar:9.4.6.v20170531:compile - omitted for duplicate)
[[1;34mINFO[m]    |  +- org.eclipse.jetty:jetty-webapp:jar:9.4.6.v20170531:compile
[[1;34mINFO[m]    |  |  +- org.eclipse.jetty:jetty-xml:jar:9.4.6.v20170531:compile
[[1;34mINFO[m]    |  |  |  \- (org.eclipse.jetty:jetty-util:jar:9.4.6.v20170531:compile - omitted for duplicate)
[[1;34mINFO[m]    |  |  \- (org.eclipse.jetty:jetty-servlet:jar:9.4.6.v20170531:compile - omitted for duplicate)
[[1;34mINFO[m]    |  +- org.glassfish.web:javax.servlet.jsp:jar:2.3.2:compile
[[1;34mINFO[m]    |  |  +- org.glassfish:javax.el:jar:3.0.1-b12:compile
[[1;34mINFO[m]    |  |  \- javax.servlet.jsp:javax.servlet.jsp-api:jar:2.3.1:compile
[[1;34mINFO[m]    |  +- org.codehaus.jettison:jettison:jar:1.3.8:compile
[[1;34mINFO[m]    |  +- (io.dropwizard.metrics:metrics-core:jar:3.2.1:compile - omitted for conflict with 4.2.19)
[[1;34mINFO[m]    |  +- (com.google.protobuf:protobuf-java:jar:2.5.0:compile - omitted for duplicate)
[[1;34mINFO[m]    |  +- (commons-cli:commons-cli:jar:1.4:compile - omitted for conflict with 1.2)
[[1;34mINFO[m]    |  +- (commons-io:commons-io:jar:2.5:compile - omitted for conflict with 2.13.0)
[[1;34mINFO[m]    |  +- (org.apache.commons:commons-lang3:jar:3.6:compile - omitted for conflict with 3.12.0)
[[1;34mINFO[m]    |  +- (commons-logging:commons-logging:jar:1.2:compile - omitted for conflict with 1.1.3)
[[1;34mINFO[m]    |  +- (org.apache.commons:commons-math3:jar:3.6.1:compile - omitted for duplicate)
[[1;34mINFO[m]    |  +- log4j:log4j:jar:1.2.17:compile
[[1;34mINFO[m]    |  +- (org.apache.zookeeper:zookeeper:jar:3.4.10:compile - omitted for conflict with 3.6.3)
[[1;34mINFO[m]    |  +- org.jamon:jamon-runtime:jar:2.4.1:compile
[[1;34mINFO[m]    |  +- javax.servlet:javax.servlet-api:jar:3.1.0:compile
[[1;34mINFO[m]    |  +- javax.ws.rs:javax.ws.rs-api:jar:2.0.1:compile
[[1;34mINFO[m]    |  +- (org.apache.htrace:htrace-core:jar:3.2.0-incubating:compile - omitted for conflict with 3.1.0-incubating)
[[1;34mINFO[m]    |  +- com.lmax:disruptor:jar:3.3.6:compile
[[1;34mINFO[m]    |  +- (org.apache.commons:commons-crypto:jar:1.0.0:compile - omitted for conflict with 1.1.0)
[[1;34mINFO[m]    |  +- org.apache.hadoop:hadoop-distcp:jar:2.7.1:compile
[[1;34mINFO[m]    |  +- (org.apache.hadoop:hadoop-common:jar:2.7.1:compile - omitted for duplicate)
[[1;34mINFO[m]    |  +- (org.apache.hadoop:hadoop-auth:jar:2.7.1:compile - omitted for duplicate)
[[1;34mINFO[m]    |  +- (org.apache.hadoop:hadoop-annotations:jar:2.7.1:compile - omitted for duplicate)
[[1;34mINFO[m]    |  +- (org.apache.hadoop:hadoop-client:jar:2.7.1:compile - omitted for duplicate)
[[1;34mINFO[m]    |  +- (org.apache.hadoop:hadoop-mapreduce-client-core:jar:2.7.1:compile - omitted for duplicate)
[[1;34mINFO[m]    |  +- (org.apache.hadoop:hadoop-hdfs:jar:2.7.1:compile - omitted for duplicate)
[[1;34mINFO[m]    |  \- (org.apache.yetus:audience-annotations:jar:0.5.0:compile - omitted for conflict with 0.13.0)
[[1;34mINFO[m]    +- org.apache.hbase:hbase-mapreduce:jar:2.0.0-alpha4:compile
[[1;34mINFO[m]    |  +- (org.apache.hbase.thirdparty:hbase-shaded-miscellaneous:jar:1.0.1:compile - omitted for conflict with 4.1.5)
[[1;34mINFO[m]    |  +- (org.apache.hbase.thirdparty:hbase-shaded-netty:jar:1.0.1:compile - omitted for conflict with 4.1.5)
[[1;34mINFO[m]    |  +- (org.apache.hbase.thirdparty:hbase-shaded-protobuf:jar:1.0.1:compile - omitted for conflict with 4.1.5)
[[1;34mINFO[m]    |  +- (org.apache.hbase:hbase-common:jar:2.0.0-alpha4:compile - omitted for conflict with 2.5.8)
[[1;34mINFO[m]    |  +- (org.apache.hbase:hbase-protocol:jar:2.0.0-alpha4:compile - omitted for conflict with 2.5.8)
[[1;34mINFO[m]    |  +- (com.google.protobuf:protobuf-java:jar:2.5.0:compile - omitted for duplicate)
[[1;34mINFO[m]    |  +- (org.apache.hbase:hbase-protocol-shaded:jar:2.0.0-alpha4:compile - omitted for conflict with 2.5.8)
[[1;34mINFO[m]    |  +- (org.apache.hbase:hbase-metrics:jar:2.0.0-alpha4:compile - omitted for conflict with 2.5.8)
[[1;34mINFO[m]    |  +- (org.apache.hbase:hbase-metrics-api:jar:2.0.0-alpha4:compile - omitted for conflict with 2.5.8)
[[1;34mINFO[m]    |  +- (io.dropwizard.metrics:metrics-core:jar:3.2.1:compile - omitted for conflict with 4.2.19)
[[1;34mINFO[m]    |  +- (org.slf4j:slf4j-api:jar:1.7.24:compile - omitted for conflict with 2.0.7)
[[1;34mINFO[m]    |  +- (org.apache.hbase:hbase-prefix-tree:jar:2.0.0-alpha4:runtime - omitted for duplicate)
[[1;34mINFO[m]    |  +- (org.apache.htrace:htrace-core:jar:3.2.0-incubating:compile - omitted for conflict with 3.1.0-incubating)
[[1;34mINFO[m]    |  +- (org.apache.hbase:hbase-client:jar:2.0.0-alpha4:compile - omitted for conflict with 2.5.8)
[[1;34mINFO[m]    |  +- (org.apache.hbase:hbase-hadoop-compat:jar:2.0.0-alpha4:compile - omitted for conflict with 2.5.8)
[[1;34mINFO[m]    |  +- (org.apache.hbase:hbase-hadoop2-compat:jar:2.0.0-alpha4:compile - omitted for conflict with 2.5.8)
[[1;34mINFO[m]    |  +- (org.apache.hbase:hbase-server:jar:2.0.0-alpha4:compile - omitted for duplicate)
[[1;34mINFO[m]    |  +- (org.apache.hbase:hbase-replication:jar:2.0.0-alpha4:compile - omitted for duplicate)
[[1;34mINFO[m]    |  +- (log4j:log4j:jar:1.2.17:compile - omitted for duplicate)
[[1;34mINFO[m]    |  +- (commons-cli:commons-cli:jar:1.4:compile - omitted for conflict with 1.2)
[[1;34mINFO[m]    |  +- (commons-io:commons-io:jar:2.5:compile - omitted for conflict with 2.13.0)
[[1;34mINFO[m]    |  +- (org.apache.commons:commons-lang3:jar:3.6:compile - omitted for conflict with 3.12.0)
[[1;34mINFO[m]    |  +- (commons-logging:commons-logging:jar:1.2:compile - omitted for conflict with 1.1.3)
[[1;34mINFO[m]    |  +- (org.apache.zookeeper:zookeeper:jar:3.4.10:compile - omitted for conflict with 3.6.3)
[[1;34mINFO[m]    |  +- (com.fasterxml.jackson.core:jackson-databind:jar:2.9.1:compile - omitted for conflict with 2.15.2)
[[1;34mINFO[m]    |  +- (org.apache.hadoop:hadoop-common:jar:2.7.1:compile - omitted for duplicate)
[[1;34mINFO[m]    |  +- (org.apache.hadoop:hadoop-hdfs:jar:2.7.1:compile - omitted for duplicate)
[[1;34mINFO[m]    |  +- (org.apache.hadoop:hadoop-mapreduce-client-core:jar:2.7.1:compile - omitted for duplicate)
[[1;34mINFO[m]    |  \- (org.apache.yetus:audience-annotations:jar:0.5.0:compile - omitted for conflict with 0.13.0)
[[1;34mINFO[m]    +- (com.google.protobuf:protobuf-java:jar:2.5.0:compile - omitted for duplicate)
[[1;34mINFO[m]    +- (commons-io:commons-io:jar:2.5:compile - omitted for conflict with 2.13.0)
[[1;34mINFO[m]    +- (org.apache.avro:avro:jar:1.7.7:compile - omitted for conflict with 1.11.2)
[[1;34mINFO[m]    \- (org.apache.yetus:audience-annotations:jar:0.5.0:compile - omitted for conflict with 0.13.0)
[[1;34mINFO[m] [1m------------------------------------------------------------------------[m
[[1;34mINFO[m] [1;32mBUILD SUCCESS[m
[[1;34mINFO[m] [1m------------------------------------------------------------------------[m
[[1;34mINFO[m] Total time:  11.055 s
[[1;34mINFO[m] Finished at: 2024-04-30T21:09:07+01:00
[[1;34mINFO[m] [1m------------------------------------------------------------------------[m
